[08:19:10.989][info] [#0:/home/alex/.local/share/nvim/mason/packages/lua-language-server/libexec/main.lua:66]: Lua Lsp startup, root: 	/home/alex/.local/share/nvim/mason/packages/lua-language-server/libexec
[08:19:10.989][info] [#0:/home/alex/.local/share/nvim/mason/packages/lua-language-server/libexec/main.lua:67]: ROOT:	/home/alex/.local/share/nvim/mason/packages/lua-language-server/libexec
[08:19:10.989][info] [#0:/home/alex/.local/share/nvim/mason/packages/lua-language-server/libexec/main.lua:68]: LOGPATH:	/home/alex/.local/share/nvim/mason/packages/lua-language-server/libexec/log
[08:19:10.989][info] [#0:/home/alex/.local/share/nvim/mason/packages/lua-language-server/libexec/main.lua:69]: METAPATH:	/home/alex/.local/share/nvim/mason/packages/lua-language-server/libexec/meta
[08:19:10.989][info] [#0:/home/alex/.local/share/nvim/mason/packages/lua-language-server/libexec/main.lua:70]: VERSION:	3.7.4
[08:19:11.008][info] [#0:script/service/service.lua:144]: 
========= Medical Examination Report =========
    --------------- Memory ---------------
        Total: 1.345 MB
        # 00 : 1.345 MB
        # 01 : 0.000 MB
        # 02 : 0.000 MB
        # 03 : 0.000 MB
        # 04 : 0.000 MB
    --------------- Coroutine ---------------
        Total:     0
        Running:   0
        Suspended: 0
        Normal:    0
        Dead:      0
    --------------- Cache ---------------
        Total: 1
        Dead:  0
    ---------------  RPC  ---------------
        Holdon:   0
        Waiting:  0
==============================================
[08:19:11.010][info] [#0:script/client.lua:657]: Client init	{
  capabilities = {
    textDocument = {
      callHierarchy = {
        dynamicRegistration = false
      },
      codeAction = {
        codeActionLiteralSupport = {
          codeActionKind = {
            valueSet = { "", "quickfix", "refactor", "refactor.extract", "refactor.inline", "refactor.rewrite", "source", "source.organizeImports" }
          }
        },
        dataSupport = true,
        dynamicRegistration = false,
        isPreferredSupport = true,
        resolveSupport = {
          properties = { "edit" }
        }
      },
      completion = {
        completionItem = {
          commitCharactersSupport = true,
          deprecatedSupport = true,
          documentationFormat = { "markdown", "plaintext" },
          insertReplaceSupport = true,
          insertTextModeSupport = {
            valueSet = { 1, 2 }
          },
          labelDetailsSupport = true,
          preselectSupport = true,
          resolveSupport = {
            properties = { "documentation", "detail", "additionalTextEdits", "sortText", "filterText", "insertText", "textEdit", "insertTextFormat", "insertTextMode" }
          },
          snippetSupport = true,
          tagSupport = {
            valueSet = { 1 }
          }
        },
        completionItemKind = {
          valueSet = { 1, 2, 3, 4, 5, 6, 7, 8, 9, 10, 11, 12, 13, 14, 15, 16, 17, 18, 19, 20, 21, 22, 23, 24, 25 }
        },
        completionList = {
          itemDefaults = { "commitCharacters", "editRange", "insertTextFormat", "insertTextMode", "data" }
        },
        contextSupport = true,
        dynamicRegistration = false,
        insertTextMode = 1
      },
      declaration = {
        linkSupport = true
      },
      definition = {
        linkSupport = true
      },
      documentHighlight = {
        dynamicRegistration = false
      },
      documentSymbol = {
        dynamicRegistration = false,
        hierarchicalDocumentSymbolSupport = true,
        symbolKind = {
          valueSet = { 1, 2, 3, 4, 5, 6, 7, 8, 9, 10, 11, 12, 13, 14, 15, 16, 17, 18, 19, 20, 21, 22, 23, 24, 25, 26 }
        }
      },
      hover = {
        contentFormat = { "markdown", "plaintext" },
        dynamicRegistration = false
      },
      implementation = {
        linkSupport = true
      },
      publishDiagnostics = {
        relatedInformation = true,
        tagSupport = {
          valueSet = { 1, 2 }
        }
      },
      references = {
        dynamicRegistration = false
      },
      rename = {
        dynamicRegistration = false,
        prepareSupport = true
      },
      semanticTokens = {
        augmentsSyntaxTokens = true,
        dynamicRegistration = false,
        formats = { "relative" },
        multilineTokenSupport = false,
        overlappingTokenSupport = true,
        requests = {
          full = {
            delta = true
          },
          range = false
        },
        serverCancelSupport = false,
        tokenModifiers = { "declaration", "definition", "readonly", "static", "deprecated", "abstract", "async", "modification", "documentation", "defaultLibrary" },
        tokenTypes = { "namespace", "type", "class", "enum", "interface", "struct", "typeParameter", "parameter", "variable", "property", "enumMember", "event", "function", "method", "macro", "keyword", "modifier", "comment", "string", "number", "regexp", "operator", "decorator" }
      },
      signatureHelp = {
        dynamicRegistration = false,
        signatureInformation = {
          activeParameterSupport = true,
          documentationFormat = { "markdown", "plaintext" },
          parameterInformation = {
            labelOffsetSupport = true
          }
        }
      },
      synchronization = {
        didSave = true,
        dynamicRegistration = false,
        willSave = true,
        willSaveWaitUntil = true
      },
      typeDefinition = {
        linkSupport = true
      }
    },
    window = {
      showDocument = {
        support = true
      },
      showMessage = {
        messageActionItem = {
          additionalPropertiesSupport = false
        }
      },
      workDoneProgress = true
    },
    workspace = {
      applyEdit = true,
      configuration = true,
      didChangeWatchedFiles = {
        dynamicRegistration = false,
        relativePatternSupport = true
      },
      semanticTokens = {
        refreshSupport = true
      },
      symbol = {
        dynamicRegistration = false,
        hierarchicalWorkspaceSymbolSupport = true,
        symbolKind = {
          valueSet = { 1, 2, 3, 4, 5, 6, 7, 8, 9, 10, 11, 12, 13, 14, 15, 16, 17, 18, 19, 20, 21, 22, 23, 24, 25, 26 }
        }
      },
      workspaceEdit = {
        resourceOperations = { "rename", "create", "delete" }
      },
      workspaceFolders = true
    }
  },
  clientInfo = {
    name = "Neovim",
    version = "0.9.1"
  },
  initializationOptions = {},
  processId = 3568,
  rootPath = "/home/alex/.local/share/nvim/lazy/catppuccin",
  rootUri = "file:///home/alex/.local/share/nvim/lazy/catppuccin",
  trace = "off",
  workspaceFolders = { {
      name = "/home/alex/.local/share/nvim/lazy/catppuccin",
      uri = "file:///home/alex/.local/share/nvim/lazy/catppuccin"
    } }
}
[08:19:11.010][info] [#0:script/language.lua:137]: VSC language: nil
[08:19:11.010][info] [#0:script/language.lua:138]: LS  language: en-us
[08:19:11.010][info] [#0:script/workspace/workspace.lua:38]: Workspace init root: 	file:///home/alex/.local/share/nvim/lazy/catppuccin
[08:19:11.010][info] [#0:script/workspace/workspace.lua:42]: Log path: 	/home/alex/.local/share/nvim/mason/packages/lua-language-server/libexec/log/file_home_alex_.local_share_nvim_lazy_catppuccin.log
[08:19:11.011][info] [#0:script/workspace/workspace.lua:48]: Workspace create: 	file:///home/alex/.local/share/nvim/lazy/catppuccin
[08:19:11.213][info] [#0:script/provider/provider.lua:46]: Load config from client	file:///home/alex/.local/share/nvim/lazy/catppuccin
[08:19:11.213][info] [#0:script/provider/provider.lua:47]: {
  Lua = {
    codeLens = {
      enable = true
    },
    completion = {
      callSnippet = "Replace"
    },
    runtime = {
      path = { "?.lua", "?/init.lua" },
      pathStrict = true,
      version = "LuaJIT"
    },
    workspace = {
      checkThirdParty = false,
      ignoreDir = { "types/nightly", "lua" },
      library = { "/home/alex/.local/share/nvim/lazy/neodev.nvim/types/stable", "/usr/local/share/nvim/runtime/lua", "/home/alex/.local/share/nvim/lazy/catppuccin/lua" }
    }
  }
}
[08:19:11.213][info] [#0:script/provider/provider.lua:46]: Load config from client	file:///home/alex/.local/share/nvim/lazy/catppuccin
[08:19:11.213][info] [#0:script/provider/provider.lua:47]: {
  Lua = {
    codeLens = {
      enable = true
    },
    completion = {
      callSnippet = "Replace"
    },
    runtime = {
      path = { "?.lua", "?/init.lua" },
      pathStrict = true,
      version = "LuaJIT"
    },
    workspace = {
      checkThirdParty = false,
      ignoreDir = { "types/nightly", "lua" },
      library = { "/home/alex/.local/share/nvim/lazy/neodev.nvim/types/stable", "/usr/local/share/nvim/runtime/lua", "/home/alex/.local/share/nvim/lazy/catppuccin/lua" }
    }
  }
}
[08:19:11.314][info] [#0:script/provider/provider.lua:61]: Load config from client	fallback
[08:19:11.314][info] [#0:script/provider/provider.lua:62]: {
  Lua = {
    codeLens = {
      enable = true
    },
    completion = {
      callSnippet = "Replace"
    },
    runtime = {
      path = { "?.lua", "?/init.lua" },
      pathStrict = true,
      version = "LuaJIT"
    },
    workspace = {
      checkThirdParty = false,
      ignoreDir = { "types/nightly", "lua" }
    }
  }
}
[08:19:11.314][info] [#0:script/provider/provider.lua:61]: Load config from client	fallback
[08:19:11.314][info] [#0:script/provider/provider.lua:62]: {
  Lua = {
    codeLens = {
      enable = true
    },
    completion = {
      callSnippet = "Replace"
    },
    runtime = {
      path = { "?.lua", "?/init.lua" },
      pathStrict = true,
      version = "LuaJIT"
    },
    workspace = {
      checkThirdParty = false,
      ignoreDir = { "types/nightly", "lua" }
    }
  }
}
[08:19:11.415][info] [#0:script/library.lua:212]: Init builtin library at:	file:///home/alex/.local/share/nvim/lazy/catppuccin
[08:19:11.431][info] [#0:script/plugin.lua:86]: plugin path:	/home/alex/.local/share/nvim/lazy/catppuccin
[08:19:11.431][warn] [#0:script/plugin.lua:101]: plugin not found:	/home/alex/.local/share/nvim/lazy/catppuccin
[08:19:11.432][info] [#0:script/library.lua:212]: Init builtin library at:	nil
[08:19:11.541][info] [#0:script/workspace/workspace.lua:324]: Preload start:	file:///home/alex/.local/share/nvim/lazy/catppuccin
[08:19:11.544][info] [#0:script/workspace/workspace.lua:330]: Scan files at:	file:///home/alex/.local/share/nvim/lazy/catppuccin
[08:19:11.546][info] [#0:script/workspace/workspace.lua:324]: Preload start:	<fallback>
[08:19:11.551][info] [#0:script/workspace/workspace.lua:353]: Scan library at:	file:///home/alex/.local/share/nvim/mason/packages/lua-language-server/libexec/meta/LuaJIT%20en-us%20utf8/math.lua
[08:19:11.551][info] [#0:script/workspace/workspace.lua:353]: Scan library at:	file:///home/alex/.local/share/nvim/mason/packages/lua-language-server/libexec/meta/LuaJIT%20en-us%20utf8/jit.lua
[08:19:11.551][info] [#0:script/workspace/workspace.lua:353]: Scan library at:	file:///home/alex/.local/share/nvim/mason/packages/lua-language-server/libexec/meta/LuaJIT%20en-us%20utf8/ffi.lua
[08:19:11.552][info] [#0:script/workspace/workspace.lua:353]: Scan library at:	file:///home/alex/.local/share/nvim/mason/packages/lua-language-server/libexec/meta/LuaJIT%20en-us%20utf8/builtin.lua
[08:19:11.552][info] [#0:script/workspace/workspace.lua:353]: Scan library at:	file:///home/alex/.local/share/nvim/mason/packages/lua-language-server/libexec/meta/LuaJIT%20en-us%20utf8/table/clear.lua
[08:19:11.552][info] [#0:script/workspace/workspace.lua:353]: Scan library at:	file:///home/alex/.local/share/nvim/mason/packages/lua-language-server/libexec/meta/LuaJIT%20en-us%20utf8/coroutine.lua
[08:19:11.552][info] [#0:script/workspace/workspace.lua:353]: Scan library at:	file:///home/alex/.local/share/nvim/mason/packages/lua-language-server/libexec/meta/LuaJIT%20en-us%20utf8/debug.lua
[08:19:11.552][info] [#0:script/workspace/workspace.lua:353]: Scan library at:	file:///home/alex/.local/share/nvim/mason/packages/lua-language-server/libexec/meta/LuaJIT%20en-us%20utf8/table/new.lua
[08:19:11.552][info] [#0:script/workspace/workspace.lua:353]: Scan library at:	file:///home/alex/.local/share/nvim/mason/packages/lua-language-server/libexec/meta/LuaJIT%20en-us%20utf8/jit/profile.lua
[08:19:11.552][info] [#0:script/workspace/workspace.lua:353]: Scan library at:	file:///home/alex/.local/share/nvim/mason/packages/lua-language-server/libexec/meta/LuaJIT%20en-us%20utf8/io.lua
[08:19:11.552][info] [#0:script/workspace/workspace.lua:353]: Scan library at:	file:///home/alex/.local/share/nvim/mason/packages/lua-language-server/libexec/meta/LuaJIT%20en-us%20utf8/string/buffer.lua
[08:19:11.553][info] [#0:script/workspace/workspace.lua:353]: Scan library at:	file:///home/alex/.local/share/nvim/mason/packages/lua-language-server/libexec/meta/LuaJIT%20en-us%20utf8/package.lua
[08:19:11.553][info] [#0:script/workspace/workspace.lua:353]: Scan library at:	file:///home/alex/.local/share/nvim/mason/packages/lua-language-server/libexec/meta/LuaJIT%20en-us%20utf8/os.lua
[08:19:11.553][info] [#0:script/workspace/workspace.lua:353]: Scan library at:	file:///home/alex/.local/share/nvim/mason/packages/lua-language-server/libexec/meta/LuaJIT%20en-us%20utf8/bit.lua
[08:19:11.553][info] [#0:script/workspace/workspace.lua:353]: Scan library at:	file:///home/alex/.local/share/nvim/mason/packages/lua-language-server/libexec/meta/LuaJIT%20en-us%20utf8/string.lua
[08:19:11.553][info] [#0:script/workspace/workspace.lua:353]: Scan library at:	file:///home/alex/.local/share/nvim/mason/packages/lua-language-server/libexec/meta/LuaJIT%20en-us%20utf8/table.lua
[08:19:11.553][info] [#0:script/workspace/workspace.lua:353]: Scan library at:	file:///home/alex/.local/share/nvim/mason/packages/lua-language-server/libexec/meta/LuaJIT%20en-us%20utf8/basic.lua
[08:19:11.554][info] [#0:script/workspace/workspace.lua:353]: Scan library at:	file:///home/alex/.local/share/nvim/mason/packages/lua-language-server/libexec/meta/LuaJIT%20en-us%20utf8/jit/util.lua
[08:19:11.555][info] [#0:script/workspace/workspace.lua:353]: Scan library at:	file:///usr/local/share/nvim/runtime/lua
[08:19:11.557][info] [#0:script/workspace/workspace.lua:353]: Scan library at:	file:///home/alex/.local/share/nvim/lazy/neodev.nvim/types/stable
[08:19:11.557][info] [#0:script/workspace/workspace.lua:353]: Scan library at:	file:///home/alex/.local/share/nvim/mason/packages/lua-language-server/libexec/meta/LuaJIT%20en-us%20utf8/jit.lua
[08:19:11.558][info] [#0:script/workspace/workspace.lua:353]: Scan library at:	file:///home/alex/.local/share/nvim/mason/packages/lua-language-server/libexec/meta/LuaJIT%20en-us%20utf8/ffi.lua
[08:19:11.558][info] [#0:script/workspace/workspace.lua:353]: Scan library at:	file:///home/alex/.local/share/nvim/mason/packages/lua-language-server/libexec/meta/LuaJIT%20en-us%20utf8/builtin.lua
[08:19:11.558][info] [#0:script/workspace/workspace.lua:353]: Scan library at:	file:///home/alex/.local/share/nvim/mason/packages/lua-language-server/libexec/meta/LuaJIT%20en-us%20utf8/table/clear.lua
[08:19:11.558][info] [#0:script/workspace/workspace.lua:353]: Scan library at:	file:///home/alex/.local/share/nvim/mason/packages/lua-language-server/libexec/meta/LuaJIT%20en-us%20utf8/coroutine.lua
[08:19:11.558][info] [#0:script/workspace/workspace.lua:353]: Scan library at:	file:///home/alex/.local/share/nvim/mason/packages/lua-language-server/libexec/meta/LuaJIT%20en-us%20utf8/os.lua
[08:19:11.558][info] [#0:script/workspace/workspace.lua:353]: Scan library at:	file:///home/alex/.local/share/nvim/mason/packages/lua-language-server/libexec/meta/LuaJIT%20en-us%20utf8/table/new.lua
[08:19:11.558][info] [#0:script/workspace/workspace.lua:353]: Scan library at:	file:///home/alex/.local/share/nvim/mason/packages/lua-language-server/libexec/meta/LuaJIT%20en-us%20utf8/string.lua
[08:19:11.558][info] [#0:script/workspace/workspace.lua:353]: Scan library at:	file:///home/alex/.local/share/nvim/mason/packages/lua-language-server/libexec/meta/LuaJIT%20en-us%20utf8/io.lua
[08:19:11.558][info] [#0:script/workspace/workspace.lua:353]: Scan library at:	file:///home/alex/.local/share/nvim/mason/packages/lua-language-server/libexec/meta/LuaJIT%20en-us%20utf8/jit/profile.lua
[08:19:11.558][info] [#0:script/workspace/workspace.lua:353]: Scan library at:	file:///home/alex/.local/share/nvim/mason/packages/lua-language-server/libexec/meta/LuaJIT%20en-us%20utf8/math.lua
[08:19:11.558][info] [#0:script/workspace/workspace.lua:353]: Scan library at:	file:///home/alex/.local/share/nvim/mason/packages/lua-language-server/libexec/meta/LuaJIT%20en-us%20utf8/string/buffer.lua
[08:19:11.558][info] [#0:script/workspace/workspace.lua:353]: Scan library at:	file:///home/alex/.local/share/nvim/mason/packages/lua-language-server/libexec/meta/LuaJIT%20en-us%20utf8/package.lua
[08:19:11.558][info] [#0:script/workspace/workspace.lua:353]: Scan library at:	file:///home/alex/.local/share/nvim/mason/packages/lua-language-server/libexec/meta/LuaJIT%20en-us%20utf8/table.lua
[08:19:11.558][info] [#0:script/workspace/workspace.lua:353]: Scan library at:	file:///home/alex/.local/share/nvim/mason/packages/lua-language-server/libexec/meta/LuaJIT%20en-us%20utf8/bit.lua
[08:19:11.558][info] [#0:script/workspace/workspace.lua:353]: Scan library at:	file:///home/alex/.local/share/nvim/mason/packages/lua-language-server/libexec/meta/LuaJIT%20en-us%20utf8/debug.lua
[08:19:11.558][info] [#0:script/workspace/workspace.lua:353]: Scan library at:	file:///home/alex/.local/share/nvim/lazy/catppuccin/lua
[08:19:11.562][info] [#0:script/workspace/workspace.lua:353]: Scan library at:	file:///home/alex/.local/share/nvim/mason/packages/lua-language-server/libexec/meta/LuaJIT%20en-us%20utf8/basic.lua
[08:19:11.562][info] [#0:script/workspace/workspace.lua:353]: Scan library at:	file:///home/alex/.local/share/nvim/mason/packages/lua-language-server/libexec/meta/LuaJIT%20en-us%20utf8/jit/util.lua
[08:19:11.662][info] [#0:script/workspace/workspace.lua:379]: Found 18 files at:	<fallback>
[08:19:11.662][info] [#0:script/workspace/loading.lua:161]: Load files from disk:	<fallback>
[08:19:11.663][info] [#0:script/workspace/workspace.lua:379]: Found 201 files at:	file:///home/alex/.local/share/nvim/lazy/catppuccin
[08:19:11.663][info] [#0:script/workspace/loading.lua:161]: Load files from disk:	file:///home/alex/.local/share/nvim/lazy/catppuccin
[08:19:11.663][info] [#0:script/workspace/loading.lua:89]: Skip loaded file: file:///home/alex/.local/share/nvim/lazy/catppuccin/lua/catppuccin/groups/editor.lua
[08:19:11.663][info] [#0:script/workspace/loading.lua:113]: ++++As library of:	file:///home/alex/.local/share/nvim/lazy/catppuccin/lua
[08:19:11.664][info] [#0:script/workspace/loading.lua:101]: Preload file at: file:///home/alex/.local/share/nvim/mason/packages/lua-language-server/libexec/meta/LuaJIT%20en-us%20utf8/jit/util.lua , size = 1.984 KB
[08:19:11.666][info] [#0:script/workspace/loading.lua:113]: ++++As library of:	file:///home/alex/.local/share/nvim/mason/packages/lua-language-server/libexec/meta/LuaJIT%20en-us%20utf8/jit/util.lua
[08:19:11.666][info] [#0:script/workspace/loading.lua:98]: Skip loaded file: file:///home/alex/.local/share/nvim/mason/packages/lua-language-server/libexec/meta/LuaJIT%20en-us%20utf8/jit/util.lua
[08:19:11.666][info] [#0:script/workspace/loading.lua:101]: Preload file at: file:///home/alex/.local/share/nvim/mason/packages/lua-language-server/libexec/meta/LuaJIT%20en-us%20utf8/basic.lua , size = 14.989 KB
[08:19:11.676][info] [#0:script/workspace/loading.lua:113]: ++++As library of:	file:///home/alex/.local/share/nvim/mason/packages/lua-language-server/libexec/meta/LuaJIT%20en-us%20utf8/basic.lua
[08:19:11.676][info] [#0:script/workspace/loading.lua:101]: Preload file at: file:///home/alex/.local/share/nvim/mason/packages/lua-language-server/libexec/meta/LuaJIT%20en-us%20utf8/table.lua , size = 4.230 KB
[08:19:11.678][info] [#0:script/workspace/loading.lua:113]: ++++As library of:	file:///home/alex/.local/share/nvim/mason/packages/lua-language-server/libexec/meta/LuaJIT%20en-us%20utf8/table.lua
[08:19:11.678][info] [#0:script/workspace/loading.lua:98]: Skip loaded file: file:///home/alex/.local/share/nvim/mason/packages/lua-language-server/libexec/meta/LuaJIT%20en-us%20utf8/basic.lua
[08:19:11.678][info] [#0:script/workspace/loading.lua:101]: Preload file at: file:///home/alex/.local/share/nvim/lazy/catppuccin/lua/reactive/presets/catppuccin-macchiato-cursorline.lua , size = 0.429 KB
[08:19:11.679][info] [#0:script/workspace/loading.lua:113]: ++++As library of:	file:///home/alex/.local/share/nvim/lazy/catppuccin/lua
[08:19:11.679][info] [#0:script/workspace/loading.lua:101]: Preload file at: file:///home/alex/.local/share/nvim/lazy/catppuccin/lua/reactive/presets/catppuccin-latte-cursorline.lua , size = 1.695 KB
[08:19:11.679][info] [#0:script/workspace/loading.lua:113]: ++++As library of:	file:///home/alex/.local/share/nvim/lazy/catppuccin/lua
[08:19:11.679][info] [#0:script/workspace/loading.lua:101]: Preload file at: file:///home/alex/.local/share/nvim/mason/packages/lua-language-server/libexec/meta/LuaJIT%20en-us%20utf8/string.lua , size = 6.323 KB
[08:19:11.682][info] [#0:script/workspace/loading.lua:113]: ++++As library of:	file:///home/alex/.local/share/nvim/mason/packages/lua-language-server/libexec/meta/LuaJIT%20en-us%20utf8/string.lua
[08:19:11.682][info] [#0:script/workspace/loading.lua:101]: Preload file at: file:///home/alex/.local/share/nvim/mason/packages/lua-language-server/libexec/meta/LuaJIT%20en-us%20utf8/bit.lua , size = 1.320 KB
[08:19:11.683][info] [#0:script/workspace/loading.lua:113]: ++++As library of:	file:///home/alex/.local/share/nvim/mason/packages/lua-language-server/libexec/meta/LuaJIT%20en-us%20utf8/bit.lua
[08:19:11.683][info] [#0:script/workspace/loading.lua:101]: Preload file at: file:///home/alex/.local/share/nvim/lazy/catppuccin/lua/reactive/presets/catppuccin-frappe-cursorline.lua , size = 1.709 KB
[08:19:11.684][info] [#0:script/workspace/loading.lua:113]: ++++As library of:	file:///home/alex/.local/share/nvim/lazy/catppuccin/lua
[08:19:11.684][info] [#0:script/workspace/loading.lua:101]: Preload file at: file:///home/alex/.local/share/nvim/lazy/catppuccin/lua/reactive/presets/catppuccin-macchiato-cursor.lua , size = 0.182 KB
[08:19:11.684][info] [#0:script/workspace/loading.lua:113]: ++++As library of:	file:///home/alex/.local/share/nvim/lazy/catppuccin/lua
[08:19:11.684][info] [#0:script/workspace/loading.lua:101]: Preload file at: file:///home/alex/.local/share/nvim/mason/packages/lua-language-server/libexec/meta/LuaJIT%20en-us%20utf8/os.lua , size = 5.600 KB
[08:19:11.686][info] [#0:script/workspace/loading.lua:113]: ++++As library of:	file:///home/alex/.local/share/nvim/mason/packages/lua-language-server/libexec/meta/LuaJIT%20en-us%20utf8/os.lua
[08:19:11.686][info] [#0:script/workspace/loading.lua:101]: Preload file at: file:///home/alex/.local/share/nvim/mason/packages/lua-language-server/libexec/meta/LuaJIT%20en-us%20utf8/package.lua , size = 2.699 KB
[08:19:11.689][info] [#0:script/workspace/loading.lua:113]: ++++As library of:	file:///home/alex/.local/share/nvim/mason/packages/lua-language-server/libexec/meta/LuaJIT%20en-us%20utf8/package.lua
[08:19:11.689][info] [#0:script/workspace/loading.lua:101]: Preload file at: file:///home/alex/.local/share/nvim/lazy/catppuccin/lua/reactive/presets/catppuccin-mocha-cursorline.lua , size = 0.182 KB
[08:19:11.689][info] [#0:script/workspace/loading.lua:113]: ++++As library of:	file:///home/alex/.local/share/nvim/lazy/catppuccin/lua
[08:19:11.690][info] [#0:script/workspace/loading.lua:101]: Preload file at: file:///home/alex/.local/share/nvim/lazy/catppuccin/lua/reactive/presets/catppuccin-latte-cursor.lua , size = 0.257 KB
[08:19:11.690][info] [#0:script/workspace/loading.lua:113]: ++++As library of:	file:///home/alex/.local/share/nvim/lazy/catppuccin/lua
[08:19:11.690][info] [#0:script/workspace/loading.lua:101]: Preload file at: file:///home/alex/.local/share/nvim/mason/packages/lua-language-server/libexec/meta/LuaJIT%20en-us%20utf8/io.lua , size = 6.364 KB
[08:19:11.692][info] [#0:script/workspace/loading.lua:113]: ++++As library of:	file:///home/alex/.local/share/nvim/mason/packages/lua-language-server/libexec/meta/LuaJIT%20en-us%20utf8/io.lua
[08:19:11.692][info] [#0:script/workspace/loading.lua:101]: Preload file at: file:///home/alex/.local/share/nvim/lazy/catppuccin/lua/reactive/presets/catppuccin-mocha-cursor.lua , size = 0.174 KB
[08:19:11.693][info] [#0:script/workspace/loading.lua:113]: ++++As library of:	file:///home/alex/.local/share/nvim/lazy/catppuccin/lua
[08:19:11.693][info] [#0:script/workspace/loading.lua:101]: Preload file at: file:///home/alex/.local/share/nvim/mason/packages/lua-language-server/libexec/meta/LuaJIT%20en-us%20utf8/jit/profile.lua , size = 0.348 KB
[08:19:11.693][info] [#0:script/workspace/loading.lua:113]: ++++As library of:	file:///home/alex/.local/share/nvim/mason/packages/lua-language-server/libexec/meta/LuaJIT%20en-us%20utf8/jit/profile.lua
[08:19:11.693][info] [#0:script/workspace/loading.lua:101]: Preload file at: file:///home/alex/.local/share/nvim/lazy/catppuccin/lua/reactive/presets/catppuccin-frappe-cursor.lua , size = 0.176 KB
[08:19:11.693][info] [#0:script/workspace/loading.lua:113]: ++++As library of:	file:///home/alex/.local/share/nvim/lazy/catppuccin/lua
[08:19:11.693][info] [#0:script/workspace/loading.lua:101]: Preload file at: file:///home/alex/.local/share/nvim/mason/packages/lua-language-server/libexec/meta/LuaJIT%20en-us%20utf8/string/buffer.lua , size = 18.123 KB
[08:19:11.696][info] [#0:script/workspace/loading.lua:113]: ++++As library of:	file:///home/alex/.local/share/nvim/mason/packages/lua-language-server/libexec/meta/LuaJIT%20en-us%20utf8/string/buffer.lua
[08:19:11.696][info] [#0:script/workspace/loading.lua:101]: Preload file at: file:///home/alex/.local/share/nvim/lazy/catppuccin/lua/lualine/themes/catppuccin.lua , size = 0.043 KB
[08:19:11.696][info] [#0:script/workspace/loading.lua:113]: ++++As library of:	file:///home/alex/.local/share/nvim/lazy/catppuccin/lua
[08:19:11.696][info] [#0:script/workspace/loading.lua:101]: Preload file at: file:///home/alex/.local/share/nvim/mason/packages/lua-language-server/libexec/meta/LuaJIT%20en-us%20utf8/debug.lua , size = 7.310 KB
[08:19:11.699][info] [#0:script/workspace/loading.lua:113]: ++++As library of:	file:///home/alex/.local/share/nvim/mason/packages/lua-language-server/libexec/meta/LuaJIT%20en-us%20utf8/debug.lua
[08:19:11.699][info] [#0:script/workspace/loading.lua:101]: Preload file at: file:///home/alex/.local/share/nvim/mason/packages/lua-language-server/libexec/meta/LuaJIT%20en-us%20utf8/table/new.lua , size = 0.642 KB
[08:19:11.700][info] [#0:script/workspace/loading.lua:113]: ++++As library of:	file:///home/alex/.local/share/nvim/mason/packages/lua-language-server/libexec/meta/LuaJIT%20en-us%20utf8/table/new.lua
[08:19:11.700][info] [#0:script/workspace/loading.lua:101]: Preload file at: file:///home/alex/.local/share/nvim/lazy/catppuccin/lua/lualine/themes/catppuccin-latte.lua , size = 0.049 KB
[08:19:11.700][info] [#0:script/workspace/loading.lua:113]: ++++As library of:	file:///home/alex/.local/share/nvim/lazy/catppuccin/lua
[08:19:11.700][info] [#0:script/workspace/loading.lua:101]: Preload file at: file:///home/alex/.local/share/nvim/mason/packages/lua-language-server/libexec/meta/LuaJIT%20en-us%20utf8/coroutine.lua , size = 2.541 KB
[08:19:11.701][info] [#0:script/workspace/loading.lua:113]: ++++As library of:	file:///home/alex/.local/share/nvim/mason/packages/lua-language-server/libexec/meta/LuaJIT%20en-us%20utf8/coroutine.lua
[08:19:11.701][info] [#0:script/workspace/loading.lua:101]: Preload file at: file:///home/alex/.local/share/nvim/lazy/catppuccin/lua/lualine/themes/catppuccin-mocha.lua , size = 0.049 KB
[08:19:11.701][info] [#0:script/workspace/loading.lua:113]: ++++As library of:	file:///home/alex/.local/share/nvim/lazy/catppuccin/lua
[08:19:11.701][info] [#0:script/workspace/loading.lua:101]: Preload file at: file:///home/alex/.local/share/nvim/mason/packages/lua-language-server/libexec/meta/LuaJIT%20en-us%20utf8/table/clear.lua , size = 0.797 KB
[08:19:11.705][info] [#0:script/workspace/loading.lua:113]: ++++As library of:	file:///home/alex/.local/share/nvim/mason/packages/lua-language-server/libexec/meta/LuaJIT%20en-us%20utf8/table/clear.lua
[08:19:11.706][info] [#0:script/workspace/loading.lua:101]: Preload file at: file:///home/alex/.local/share/nvim/lazy/catppuccin/lua/lualine/themes/catppuccin-macchiato.lua , size = 0.053 KB
[08:19:11.706][info] [#0:script/workspace/loading.lua:113]: ++++As library of:	file:///home/alex/.local/share/nvim/lazy/catppuccin/lua
[08:19:11.706][info] [#0:script/workspace/loading.lua:101]: Preload file at: file:///home/alex/.local/share/nvim/mason/packages/lua-language-server/libexec/meta/LuaJIT%20en-us%20utf8/builtin.lua , size = 0.302 KB
[08:19:11.706][info] [#0:script/workspace/loading.lua:113]: ++++As library of:	file:///home/alex/.local/share/nvim/mason/packages/lua-language-server/libexec/meta/LuaJIT%20en-us%20utf8/builtin.lua
[08:19:11.706][info] [#0:script/workspace/loading.lua:101]: Preload file at: file:///home/alex/.local/share/nvim/lazy/catppuccin/lua/lualine/themes/catppuccin-frappe.lua , size = 0.050 KB
[08:19:11.706][info] [#0:script/workspace/loading.lua:113]: ++++As library of:	file:///home/alex/.local/share/nvim/lazy/catppuccin/lua
[08:19:11.706][info] [#0:script/workspace/loading.lua:101]: Preload file at: file:///home/alex/.local/share/nvim/mason/packages/lua-language-server/libexec/meta/LuaJIT%20en-us%20utf8/ffi.lua , size = 2.529 KB
[08:19:11.708][info] [#0:script/workspace/loading.lua:113]: ++++As library of:	file:///home/alex/.local/share/nvim/mason/packages/lua-language-server/libexec/meta/LuaJIT%20en-us%20utf8/ffi.lua
[08:19:11.708][info] [#0:script/workspace/loading.lua:101]: Preload file at: file:///home/alex/.local/share/nvim/mason/packages/lua-language-server/libexec/meta/LuaJIT%20en-us%20utf8/jit.lua , size = 0.884 KB
[08:19:11.709][info] [#0:script/workspace/loading.lua:113]: ++++As library of:	file:///home/alex/.local/share/nvim/mason/packages/lua-language-server/libexec/meta/LuaJIT%20en-us%20utf8/jit.lua
[08:19:11.709][info] [#0:script/workspace/loading.lua:101]: Preload file at: file:///home/alex/.local/share/nvim/lazy/catppuccin/lua/catppuccin/types.lua , size = 9.917 KB
[08:19:11.712][info] [#0:script/workspace/loading.lua:113]: ++++As library of:	file:///home/alex/.local/share/nvim/lazy/catppuccin/lua
[08:19:11.712][info] [#0:script/workspace/loading.lua:101]: Preload file at: file:///home/alex/.local/share/nvim/lazy/catppuccin/lua/catppuccin/palettes/mocha.lua , size = 0.549 KB
[08:19:11.712][info] [#0:script/workspace/loading.lua:113]: ++++As library of:	file:///home/alex/.local/share/nvim/lazy/catppuccin/lua
[08:19:11.712][info] [#0:script/workspace/loading.lua:101]: Preload file at: file:///home/alex/.local/share/nvim/lazy/catppuccin/lua/catppuccin/palettes/frappe.lua , size = 0.549 KB
[08:19:11.713][info] [#0:script/workspace/loading.lua:113]: ++++As library of:	file:///home/alex/.local/share/nvim/lazy/catppuccin/lua
[08:19:11.713][info] [#0:script/workspace/loading.lua:101]: Preload file at: file:///home/alex/.local/share/nvim/lazy/catppuccin/lua/catppuccin/palettes/macchiato.lua , size = 0.549 KB
[08:19:11.713][info] [#0:script/workspace/loading.lua:113]: ++++As library of:	file:///home/alex/.local/share/nvim/lazy/catppuccin/lua
[08:19:11.713][info] [#0:script/workspace/loading.lua:101]: Preload file at: file:///home/alex/.local/share/nvim/mason/packages/lua-language-server/libexec/meta/LuaJIT%20en-us%20utf8/math.lua , size = 7.949 KB
[08:19:11.716][info] [#0:script/workspace/loading.lua:113]: ++++As library of:	file:///home/alex/.local/share/nvim/mason/packages/lua-language-server/libexec/meta/LuaJIT%20en-us%20utf8/math.lua
[08:19:11.716][info] [#0:script/workspace/loading.lua:101]: Preload file at: file:///home/alex/.local/share/nvim/lazy/catppuccin/lua/catppuccin/palettes/latte.lua , size = 0.549 KB
[08:19:11.717][info] [#0:script/workspace/loading.lua:113]: ++++As library of:	file:///home/alex/.local/share/nvim/lazy/catppuccin/lua
[08:19:11.717][info] [#0:script/workspace/loading.lua:101]: Preload file at: file:///home/alex/.local/share/nvim/lazy/catppuccin/lua/catppuccin/palettes/init.lua , size = 0.787 KB
[08:19:11.717][info] [#0:script/workspace/loading.lua:113]: ++++As library of:	file:///home/alex/.local/share/nvim/lazy/catppuccin/lua
[08:19:11.717][info] [#0:script/workspace/loading.lua:101]: Preload file at: file:///home/alex/.local/share/nvim/lazy/catppuccin/lua/catppuccin/groups/syntax.lua , size = 4.915 KB
[08:19:11.720][info] [#0:script/workspace/loading.lua:113]: ++++As library of:	file:///home/alex/.local/share/nvim/lazy/catppuccin/lua
[08:19:11.720][info] [#0:script/workspace/loading.lua:101]: Preload file at: file:///home/alex/.local/share/nvim/lazy/catppuccin/lua/catppuccin/groups/integrations/window_picker.lua , size = 0.299 KB
[08:19:11.720][info] [#0:script/workspace/loading.lua:113]: ++++As library of:	file:///home/alex/.local/share/nvim/lazy/catppuccin/lua
[08:19:11.721][info] [#0:script/workspace/loading.lua:101]: Preload file at: file:///home/alex/.local/share/nvim/lazy/catppuccin/lua/catppuccin/groups/integrations/beacon.lua , size = 0.084 KB
[08:19:11.721][info] [#0:script/workspace/loading.lua:113]: ++++As library of:	file:///home/alex/.local/share/nvim/lazy/catppuccin/lua
[08:19:11.721][info] [#0:script/workspace/loading.lua:101]: Preload file at: file:///home/alex/.local/share/nvim/lazy/catppuccin/lua/catppuccin/groups/integrations/lsp_trouble.lua , size = 0.264 KB
[08:19:11.721][info] [#0:script/workspace/loading.lua:113]: ++++As library of:	file:///home/alex/.local/share/nvim/lazy/catppuccin/lua
[08:19:11.721][info] [#0:script/workspace/loading.lua:101]: Preload file at: file:///home/alex/.local/share/nvim/lazy/catppuccin/lua/catppuccin/groups/integrations/pounce.lua , size = 0.352 KB
[08:19:11.722][info] [#0:script/workspace/loading.lua:113]: ++++As library of:	file:///home/alex/.local/share/nvim/lazy/catppuccin/lua
[08:19:11.722][info] [#0:script/workspace/loading.lua:101]: Preload file at: file:///home/alex/.local/share/nvim/lazy/catppuccin/lua/catppuccin/groups/integrations/mini.lua , size = 2.622 KB
[08:19:11.723][info] [#0:script/workspace/loading.lua:113]: ++++As library of:	file:///home/alex/.local/share/nvim/lazy/catppuccin/lua
[08:19:11.723][info] [#0:script/workspace/loading.lua:101]: Preload file at: file:///home/alex/.local/share/nvim/lazy/catppuccin/lua/catppuccin/groups/integrations/notify.lua , size = 0.842 KB
[08:19:11.723][info] [#0:script/workspace/loading.lua:113]: ++++As library of:	file:///home/alex/.local/share/nvim/lazy/catppuccin/lua
[08:19:11.723][info] [#0:script/workspace/loading.lua:101]: Preload file at: file:///home/alex/.local/share/nvim/lazy/catppuccin/lua/catppuccin/groups/integrations/nvimtree.lua , size = 0.889 KB
[08:19:11.724][info] [#0:script/workspace/loading.lua:113]: ++++As library of:	file:///home/alex/.local/share/nvim/lazy/catppuccin/lua
[08:19:11.724][info] [#0:script/workspace/loading.lua:101]: Preload file at: file:///home/alex/.local/share/nvim/lazy/catppuccin/lua/catppuccin/groups/integrations/mason.lua , size = 1.273 KB
[08:19:11.725][info] [#0:script/workspace/loading.lua:113]: ++++As library of:	file:///home/alex/.local/share/nvim/lazy/catppuccin/lua
[08:19:11.725][info] [#0:script/workspace/loading.lua:101]: Preload file at: file:///home/alex/.local/share/nvim/lazy/catppuccin/lua/catppuccin/groups/integrations/lightspeed.lua , size = 0.800 KB
[08:19:11.725][info] [#0:script/workspace/loading.lua:113]: ++++As library of:	file:///home/alex/.local/share/nvim/lazy/catppuccin/lua
[08:19:11.730][info] [#0:script/workspace/loading.lua:101]: Preload file at: file:///home/alex/.local/share/nvim/lazy/catppuccin/lua/catppuccin/groups/integrations/barbar.lua , size = 0.966 KB
[08:19:11.731][info] [#0:script/workspace/loading.lua:113]: ++++As library of:	file:///home/alex/.local/share/nvim/lazy/catppuccin/lua
[08:19:11.731][info] [#0:script/workspace/loading.lua:101]: Preload file at: file:///home/alex/.local/share/nvim/lazy/catppuccin/lua/catppuccin/groups/integrations/neogit.lua , size = 4.257 KB
[08:19:11.733][info] [#0:script/workspace/loading.lua:113]: ++++As library of:	file:///home/alex/.local/share/nvim/lazy/catppuccin/lua
[08:19:11.733][info] [#0:script/workspace/loading.lua:101]: Preload file at: file:///home/alex/.local/share/nvim/lazy/catppuccin/lua/catppuccin/groups/integrations/treesitter.lua , size = 12.846 KB
[08:19:11.737][info] [#0:script/workspace/loading.lua:113]: ++++As library of:	file:///home/alex/.local/share/nvim/lazy/catppuccin/lua
[08:19:11.738][info] [#0:script/workspace/loading.lua:101]: Preload file at: file:///home/alex/.local/share/nvim/lazy/catppuccin/lua/catppuccin/groups/integrations/markdown.lua , size = 0.485 KB
[08:19:11.738][info] [#0:script/workspace/loading.lua:113]: ++++As library of:	file:///home/alex/.local/share/nvim/lazy/catppuccin/lua
[08:19:11.738][info] [#0:script/workspace/loading.lua:101]: Preload file at: file:///home/alex/.local/share/nvim/lazy/catppuccin/lua/catppuccin/groups/integrations/fern.lua , size = 0.092 KB
[08:19:11.738][info] [#0:script/workspace/loading.lua:113]: ++++As library of:	file:///home/alex/.local/share/nvim/lazy/catppuccin/lua
[08:19:11.738][info] [#0:script/workspace/loading.lua:101]: Preload file at: file:///home/alex/.local/share/nvim/lazy/catppuccin/lua/catppuccin/groups/integrations/telekasten.lua , size = 0.141 KB
[08:19:11.738][info] [#0:script/workspace/loading.lua:113]: ++++As library of:	file:///home/alex/.local/share/nvim/lazy/catppuccin/lua
[08:19:11.738][info] [#0:script/workspace/loading.lua:101]: Preload file at: file:///home/alex/.local/share/nvim/lazy/catppuccin/lua/catppuccin/groups/integrations/overseer.lua , size = 0.426 KB
[08:19:11.739][info] [#0:script/workspace/loading.lua:113]: ++++As library of:	file:///home/alex/.local/share/nvim/lazy/catppuccin/lua
[08:19:11.739][info] [#0:script/workspace/loading.lua:101]: Preload file at: file:///home/alex/.local/share/nvim/lazy/catppuccin/lua/catppuccin/groups/integrations/aerial.lua , size = 1.260 KB
[08:19:11.739][info] [#0:script/workspace/loading.lua:113]: ++++As library of:	file:///home/alex/.local/share/nvim/lazy/catppuccin/lua
[08:19:11.739][info] [#0:script/workspace/loading.lua:101]: Preload file at: file:///home/alex/.local/share/nvim/lazy/catppuccin/lua/catppuccin/groups/integrations/which_key.lua , size = 0.287 KB
[08:19:11.739][info] [#0:script/workspace/loading.lua:113]: ++++As library of:	file:///home/alex/.local/share/nvim/lazy/catppuccin/lua
[08:19:11.739][info] [#0:script/workspace/loading.lua:101]: Preload file at: file:///home/alex/.local/share/nvim/lazy/catppuccin/lua/catppuccin/groups/integrations/fidget.lua , size = 0.182 KB
[08:19:11.740][info] [#0:script/workspace/loading.lua:113]: ++++As library of:	file:///home/alex/.local/share/nvim/lazy/catppuccin/lua
[08:19:11.740][info] [#0:script/workspace/loading.lua:101]: Preload file at: file:///home/alex/.local/share/nvim/lazy/catppuccin/lua/catppuccin/groups/integrations/alpha.lua , size = 0.255 KB
[08:19:11.740][info] [#0:script/workspace/loading.lua:113]: ++++As library of:	file:///home/alex/.local/share/nvim/lazy/catppuccin/lua
[08:19:11.740][info] [#0:script/workspace/loading.lua:101]: Preload file at: file:///home/alex/.local/share/nvim/lazy/catppuccin/lua/catppuccin/groups/integrations/leap.lua , size = 0.946 KB
[08:19:11.740][info] [#0:script/workspace/loading.lua:113]: ++++As library of:	file:///home/alex/.local/share/nvim/lazy/catppuccin/lua
[08:19:11.740][info] [#0:script/workspace/loading.lua:101]: Preload file at: file:///home/alex/.local/share/nvim/lazy/catppuccin/lua/catppuccin/groups/integrations/illuminate.lua , size = 0.328 KB
[08:19:11.741][info] [#0:script/workspace/loading.lua:113]: ++++As library of:	file:///home/alex/.local/share/nvim/lazy/catppuccin/lua
[08:19:11.741][info] [#0:script/workspace/loading.lua:101]: Preload file at: file:///home/alex/.local/share/nvim/lazy/catppuccin/lua/catppuccin/groups/integrations/symbols_outline.lua , size = 0.249 KB
[08:19:11.741][info] [#0:script/workspace/loading.lua:113]: ++++As library of:	file:///home/alex/.local/share/nvim/lazy/catppuccin/lua
[08:19:11.741][info] [#0:script/workspace/loading.lua:101]: Preload file at: file:///home/alex/.local/share/nvim/lazy/catppuccin/lua/catppuccin/groups/integrations/ufo.lua , size = 0.146 KB
[08:19:11.741][info] [#0:script/workspace/loading.lua:113]: ++++As library of:	file:///home/alex/.local/share/nvim/lazy/catppuccin/lua
[08:19:11.741][info] [#0:script/workspace/loading.lua:101]: Preload file at: file:///home/alex/.local/share/nvim/lazy/catppuccin/lua/catppuccin/groups/integrations/dap_ui.lua , size = 1.075 KB
[08:19:11.742][info] [#0:script/workspace/loading.lua:113]: ++++As library of:	file:///home/alex/.local/share/nvim/lazy/catppuccin/lua
[08:19:11.742][info] [#0:script/workspace/loading.lua:101]: Preload file at: file:///home/alex/.local/share/nvim/lazy/catppuccin/lua/catppuccin/groups/integrations/NormalNvim.lua , size = 0.437 KB
[08:19:11.742][info] [#0:script/workspace/loading.lua:113]: ++++As library of:	file:///home/alex/.local/share/nvim/lazy/catppuccin/lua
[08:19:11.742][info] [#0:script/workspace/loading.lua:101]: Preload file at: file:///home/alex/.local/share/nvim/lazy/catppuccin/lua/catppuccin/groups/integrations/dap.lua , size = 0.242 KB
[08:19:11.742][info] [#0:script/workspace/loading.lua:113]: ++++As library of:	file:///home/alex/.local/share/nvim/lazy/catppuccin/lua
[08:19:11.742][info] [#0:script/workspace/loading.lua:101]: Preload file at: file:///home/alex/.local/share/nvim/lazy/catppuccin/lua/catppuccin/groups/integrations/native_lsp.lua , size = 6.520 KB
[08:19:11.744][info] [#0:script/workspace/loading.lua:113]: ++++As library of:	file:///home/alex/.local/share/nvim/lazy/catppuccin/lua
[08:19:11.744][info] [#0:script/workspace/loading.lua:101]: Preload file at: file:///home/alex/.local/share/nvim/lazy/catppuccin/lua/catppuccin/groups/integrations/notifier.lua , size = 0.238 KB
[08:19:11.744][info] [#0:script/workspace/loading.lua:113]: ++++As library of:	file:///home/alex/.local/share/nvim/lazy/catppuccin/lua
[08:19:11.744][info] [#0:script/workspace/loading.lua:101]: Preload file at: file:///home/alex/.local/share/nvim/lazy/catppuccin/lua/catppuccin/groups/integrations/gitgutter.lua , size = 0.164 KB
[08:19:11.745][info] [#0:script/workspace/loading.lua:113]: ++++As library of:	file:///home/alex/.local/share/nvim/lazy/catppuccin/lua
[08:19:11.745][info] [#0:script/workspace/loading.lua:101]: Preload file at: file:///home/alex/.local/share/nvim/lazy/catppuccin/lua/catppuccin/groups/integrations/harpoon.lua , size = 0.176 KB
[08:19:11.745][info] [#0:script/workspace/loading.lua:113]: ++++As library of:	file:///home/alex/.local/share/nvim/lazy/catppuccin/lua
[08:19:11.745][info] [#0:script/workspace/loading.lua:101]: Preload file at: file:///home/alex/.local/share/nvim/lazy/catppuccin/lua/catppuccin/groups/integrations/coc_nvim.lua , size = 0.354 KB
[08:19:11.745][info] [#0:script/workspace/loading.lua:113]: ++++As library of:	file:///home/alex/.local/share/nvim/lazy/catppuccin/lua
[08:19:11.745][info] [#0:script/workspace/loading.lua:101]: Preload file at: file:///home/alex/.local/share/nvim/lazy/catppuccin/lua/catppuccin/groups/integrations/semantic_tokens.lua , size = 2.082 KB
[08:19:11.746][info] [#0:script/workspace/loading.lua:113]: ++++As library of:	file:///home/alex/.local/share/nvim/lazy/catppuccin/lua
[08:19:11.746][info] [#0:script/workspace/loading.lua:101]: Preload file at: file:///home/alex/.local/share/nvim/lazy/catppuccin/lua/catppuccin/groups/integrations/cmp.lua , size = 1.391 KB
[08:19:11.747][info] [#0:script/workspace/loading.lua:113]: ++++As library of:	file:///home/alex/.local/share/nvim/lazy/catppuccin/lua
[08:19:11.747][info] [#0:script/workspace/loading.lua:101]: Preload file at: file:///home/alex/.local/share/nvim/lazy/catppuccin/lua/catppuccin/groups/integrations/neotest.lua , size = 0.688 KB
[08:19:11.747][info] [#0:script/workspace/loading.lua:113]: ++++As library of:	file:///home/alex/.local/share/nvim/lazy/catppuccin/lua
[08:19:11.747][info] [#0:script/workspace/loading.lua:101]: Preload file at: file:///home/alex/.local/share/nvim/lazy/catppuccin/lua/catppuccin/groups/integrations/octo.lua , size = 3.211 KB
[08:19:11.749][info] [#0:script/workspace/loading.lua:113]: ++++As library of:	file:///home/alex/.local/share/nvim/lazy/catppuccin/lua
[08:19:11.749][info] [#0:script/workspace/loading.lua:101]: Preload file at: file:///home/alex/.local/share/nvim/lazy/catppuccin/lua/catppuccin/groups/integrations/indent_blankline.lua , size = 0.630 KB
[08:19:11.749][info] [#0:script/workspace/loading.lua:113]: ++++As library of:	file:///home/alex/.local/share/nvim/lazy/catppuccin/lua
[08:19:11.749][info] [#0:script/workspace/loading.lua:101]: Preload file at: file:///home/alex/.local/share/nvim/lazy/catppuccin/lua/catppuccin/groups/integrations/hop.lua , size = 0.363 KB
[08:19:11.750][info] [#0:script/workspace/loading.lua:113]: ++++As library of:	file:///home/alex/.local/share/nvim/lazy/catppuccin/lua
[08:19:11.750][info] [#0:script/workspace/loading.lua:101]: Preload file at: file:///home/alex/.local/share/nvim/lazy/catppuccin/lua/catppuccin/groups/integrations/gitsigns.lua , size = 1.832 KB
[08:19:11.751][info] [#0:script/workspace/loading.lua:113]: ++++As library of:	file:///home/alex/.local/share/nvim/lazy/catppuccin/lua
[08:19:11.751][info] [#0:script/workspace/loading.lua:101]: Preload file at: file:///home/alex/.local/share/nvim/lazy/catppuccin/lua/catppuccin/groups/integrations/neotree.lua , size = 1.718 KB
[08:19:11.752][info] [#0:script/workspace/loading.lua:113]: ++++As library of:	file:///home/alex/.local/share/nvim/lazy/catppuccin/lua
[08:19:11.752][info] [#0:script/workspace/loading.lua:101]: Preload file at: file:///home/alex/.local/share/nvim/lazy/catppuccin/lua/catppuccin/groups/integrations/noice.lua , size = 0.835 KB
[08:19:11.753][info] [#0:script/workspace/loading.lua:113]: ++++As library of:	file:///home/alex/.local/share/nvim/lazy/catppuccin/lua
[08:19:11.753][info] [#0:script/workspace/loading.lua:101]: Preload file at: file:///home/alex/.local/share/nvim/lazy/catppuccin/lua/catppuccin/groups/integrations/dropbar.lua , size = 5.280 KB
[08:19:11.754][info] [#0:script/workspace/loading.lua:113]: ++++As library of:	file:///home/alex/.local/share/nvim/lazy/catppuccin/lua
[08:19:11.754][info] [#0:script/workspace/loading.lua:101]: Preload file at: file:///home/alex/.local/share/nvim/lazy/catppuccin/lua/catppuccin/groups/integrations/vimwiki.lua , size = 0.747 KB
[08:19:11.755][info] [#0:script/workspace/loading.lua:113]: ++++As library of:	file:///home/alex/.local/share/nvim/lazy/catppuccin/lua
[08:19:11.755][info] [#0:script/workspace/loading.lua:101]: Preload file at: file:///home/alex/.local/share/nvim/lazy/catppuccin/lua/catppuccin/groups/integrations/headlines.lua , size = 0.504 KB
[08:19:11.755][info] [#0:script/workspace/loading.lua:113]: ++++As library of:	file:///home/alex/.local/share/nvim/lazy/catppuccin/lua
[08:19:11.755][info] [#0:script/workspace/loading.lua:101]: Preload file at: file:///home/alex/.local/share/nvim/lazy/catppuccin/lua/catppuccin/groups/integrations/telescope.lua , size = 1.812 KB
[08:19:11.756][info] [#0:script/workspace/loading.lua:113]: ++++As library of:	file:///home/alex/.local/share/nvim/lazy/catppuccin/lua
[08:19:11.756][info] [#0:script/workspace/loading.lua:101]: Preload file at: file:///home/alex/.local/share/nvim/lazy/catppuccin/lua/catppuccin/groups/integrations/lsp_saga.lua , size = 4.409 KB
[08:19:11.759][info] [#0:script/workspace/loading.lua:113]: ++++As library of:	file:///home/alex/.local/share/nvim/lazy/catppuccin/lua
[08:19:11.759][info] [#0:script/workspace/loading.lua:101]: Preload file at: file:///home/alex/.local/share/nvim/lazy/catppuccin/lua/catppuccin/groups/integrations/navic.lua , size = 1.815 KB
[08:19:11.771][info] [#0:script/workspace/loading.lua:113]: ++++As library of:	file:///home/alex/.local/share/nvim/lazy/catppuccin/lua
[08:19:11.771][info] [#0:script/workspace/loading.lua:101]: Preload file at: file:///home/alex/.local/share/nvim/lazy/catppuccin/lua/catppuccin/groups/integrations/colorful_winsep.lua , size = 0.136 KB
[08:19:11.771][info] [#0:script/workspace/loading.lua:113]: ++++As library of:	file:///home/alex/.local/share/nvim/lazy/catppuccin/lua
[08:19:11.772][info] [#0:script/workspace/loading.lua:101]: Preload file at: file:///home/alex/.local/share/nvim/lazy/catppuccin/lua/catppuccin/groups/integrations/dashboard.lua , size = 0.460 KB
[08:19:11.772][info] [#0:script/workspace/loading.lua:113]: ++++As library of:	file:///home/alex/.local/share/nvim/lazy/catppuccin/lua
[08:19:11.772][info] [#0:script/workspace/loading.lua:173]: Loaded files takes [0.113] sec: <fallback>
[08:19:11.772][info] [#0:script/workspace/loading.lua:182]: Compile files takes [0.000] sec: <fallback>
[08:19:11.772][info] [#0:script/workspace/loading.lua:183]: Loaded finish:	<fallback>
[08:19:11.772][info] [#0:script/workspace/workspace.lua:381]: Preload finish at:	<fallback>
[08:19:11.777][info] [#0:script/workspace/loading.lua:101]: Preload file at: file:///home/alex/.local/share/nvim/lazy/catppuccin/lua/catppuccin/groups/integrations/ts_rainbow2.lua , size = 0.306 KB
[08:19:11.777][info] [#0:script/workspace/loading.lua:113]: ++++As library of:	file:///home/alex/.local/share/nvim/lazy/catppuccin/lua
[08:19:11.777][info] [#0:script/workspace/loading.lua:101]: Preload file at: file:///home/alex/.local/share/nvim/lazy/catppuccin/lua/catppuccin/groups/integrations/ts_rainbow.lua , size = 0.288 KB
[08:19:11.777][info] [#0:script/workspace/loading.lua:113]: ++++As library of:	file:///home/alex/.local/share/nvim/lazy/catppuccin/lua
[08:19:11.777][info] [#0:script/workspace/loading.lua:101]: Preload file at: file:///home/alex/.local/share/nvim/lazy/catppuccin/lua/catppuccin/groups/integrations/feline.lua , size = 10.783 KB
[08:19:11.783][info] [#0:script/workspace/loading.lua:113]: ++++As library of:	file:///home/alex/.local/share/nvim/lazy/catppuccin/lua
[08:19:11.783][info] [#0:script/workspace/loading.lua:101]: Preload file at: file:///home/alex/.local/share/nvim/lazy/catppuccin/lua/catppuccin/groups/integrations/vim_sneak.lua , size = 0.131 KB
[08:19:11.783][info] [#0:script/workspace/loading.lua:113]: ++++As library of:	file:///home/alex/.local/share/nvim/lazy/catppuccin/lua
[08:19:11.783][info] [#0:script/workspace/loading.lua:101]: Preload file at: file:///home/alex/.local/share/nvim/lazy/catppuccin/lua/catppuccin/groups/integrations/bufferline.lua , size = 4.719 KB
[08:19:11.785][info] [#0:script/workspace/loading.lua:113]: ++++As library of:	file:///home/alex/.local/share/nvim/lazy/catppuccin/lua
[08:19:11.785][info] [#0:script/workspace/loading.lua:101]: Preload file at: file:///home/alex/.local/share/nvim/lazy/catppuccin/lua/catppuccin/groups/integrations/sandwich.lua , size = 0.274 KB
[08:19:11.785][info] [#0:script/workspace/loading.lua:113]: ++++As library of:	file:///home/alex/.local/share/nvim/lazy/catppuccin/lua
[08:19:11.785][info] [#0:script/workspace/loading.lua:101]: Preload file at: file:///home/alex/.local/share/nvim/lazy/catppuccin/lua/catppuccin/groups/integrations/rainbow_delimiters.lua , size = 0.354 KB
[08:19:11.786][info] [#0:script/workspace/loading.lua:113]: ++++As library of:	file:///home/alex/.local/share/nvim/lazy/catppuccin/lua
[08:19:11.786][info] [#0:script/workspace/loading.lua:101]: Preload file at: file:///home/alex/.local/share/nvim/lazy/catppuccin/lua/catppuccin/groups/integrations/flash.lua , size = 0.340 KB
[08:19:11.786][info] [#0:script/workspace/loading.lua:113]: ++++As library of:	file:///home/alex/.local/share/nvim/lazy/catppuccin/lua
[08:19:11.786][info] [#0:script/workspace/loading.lua:101]: Preload file at: file:///home/alex/.local/share/nvim/lazy/catppuccin/lua/catppuccin/groups/integrations/treesitter_context.lua , size = 0.316 KB
[08:19:11.786][info] [#0:script/workspace/loading.lua:113]: ++++As library of:	file:///home/alex/.local/share/nvim/lazy/catppuccin/lua
[08:19:11.786][info] [#0:script/workspace/loading.lua:101]: Preload file at: file:///home/alex/.local/share/nvim/lazy/catppuccin/lua/catppuccin/groups/terminal.lua , size = 0.532 KB
[08:19:11.787][info] [#0:script/workspace/loading.lua:113]: ++++As library of:	file:///home/alex/.local/share/nvim/lazy/catppuccin/lua
[08:19:11.787][info] [#0:script/workspace/loading.lua:101]: Preload file at: file:///home/alex/.local/share/nvim/lazy/catppuccin/lua/catppuccin/lib/mapper.lua , size = 2.255 KB
[08:19:11.788][info] [#0:script/workspace/loading.lua:113]: ++++As library of:	file:///home/alex/.local/share/nvim/lazy/catppuccin/lua
[08:19:11.788][info] [#0:script/workspace/loading.lua:101]: Preload file at: file:///home/alex/.local/share/nvim/lazy/catppuccin/lua/catppuccin/lib/vim/bit.lua , size = 1.583 KB
[08:19:11.789][info] [#0:script/workspace/loading.lua:113]: ++++As library of:	file:///home/alex/.local/share/nvim/lazy/catppuccin/lua
[08:19:11.789][info] [#0:script/workspace/loading.lua:101]: Preload file at: file:///home/alex/.local/share/nvim/lazy/catppuccin/lua/catppuccin/lib/vim/compiler.lua , size = 2.828 KB
[08:19:11.790][info] [#0:script/workspace/loading.lua:113]: ++++As library of:	file:///home/alex/.local/share/nvim/lazy/catppuccin/lua
[08:19:11.790][info] [#0:script/workspace/loading.lua:101]: Preload file at: file:///home/alex/.local/share/nvim/lazy/catppuccin/lua/catppuccin/lib/vim/init.lua , size = 2.347 KB
[08:19:11.792][info] [#0:script/workspace/loading.lua:113]: ++++As library of:	file:///home/alex/.local/share/nvim/lazy/catppuccin/lua
[08:19:11.792][info] [#0:script/workspace/loading.lua:101]: Preload file at: file:///home/alex/.local/share/nvim/lazy/catppuccin/lua/catppuccin/lib/highlighter.lua , size = 0.327 KB
[08:19:11.792][info] [#0:script/workspace/loading.lua:113]: ++++As library of:	file:///home/alex/.local/share/nvim/lazy/catppuccin/lua
[08:19:11.792][info] [#0:script/workspace/loading.lua:101]: Preload file at: file:///home/alex/.local/share/nvim/lazy/catppuccin/lua/catppuccin/lib/hsluv.lua , size = 8.214 KB
[08:19:11.796][info] [#0:script/workspace/loading.lua:113]: ++++As library of:	file:///home/alex/.local/share/nvim/lazy/catppuccin/lua
[08:19:11.797][info] [#0:script/workspace/loading.lua:101]: Preload file at: file:///home/alex/.local/share/nvim/lazy/catppuccin/lua/catppuccin/lib/compiler.lua , size = 2.951 KB
[08:19:11.799][info] [#0:script/workspace/loading.lua:113]: ++++As library of:	file:///home/alex/.local/share/nvim/lazy/catppuccin/lua
[08:19:11.799][info] [#0:script/workspace/loading.lua:101]: Preload file at: file:///home/alex/.local/share/nvim/lazy/catppuccin/lua/catppuccin/lib/hashing.lua , size = 0.617 KB
[08:19:11.799][info] [#0:script/workspace/loading.lua:113]: ++++As library of:	file:///home/alex/.local/share/nvim/lazy/catppuccin/lua
[08:19:11.800][info] [#0:script/workspace/loading.lua:101]: Preload file at: file:///home/alex/.local/share/nvim/lazy/catppuccin/lua/catppuccin/utils/lualine.lua , size = 1.162 KB
[08:19:11.800][info] [#0:script/workspace/loading.lua:113]: ++++As library of:	file:///home/alex/.local/share/nvim/lazy/catppuccin/lua
[08:19:11.800][info] [#0:script/workspace/loading.lua:101]: Preload file at: file:///home/alex/.local/share/nvim/lazy/catppuccin/lua/catppuccin/utils/colors.lua , size = 4.638 KB
[08:19:11.803][info] [#0:script/workspace/loading.lua:113]: ++++As library of:	file:///home/alex/.local/share/nvim/lazy/catppuccin/lua
[08:19:11.803][info] [#0:script/workspace/loading.lua:101]: Preload file at: file:///home/alex/.local/share/nvim/lazy/catppuccin/lua/catppuccin/utils/barbecue.lua , size = 1.795 KB
[08:19:11.804][info] [#0:script/workspace/loading.lua:113]: ++++As library of:	file:///home/alex/.local/share/nvim/lazy/catppuccin/lua
[08:19:11.804][info] [#0:script/workspace/loading.lua:101]: Preload file at: file:///home/alex/.local/share/nvim/lazy/catppuccin/lua/catppuccin/utils/reactive.lua , size = 2.621 KB
[08:19:11.805][info] [#0:script/workspace/loading.lua:113]: ++++As library of:	file:///home/alex/.local/share/nvim/lazy/catppuccin/lua
[08:19:11.805][info] [#0:script/workspace/loading.lua:101]: Preload file at: file:///home/alex/.local/share/nvim/lazy/catppuccin/lua/catppuccin/init.lua , size = 5.723 KB
[08:19:11.808][info] [#0:script/workspace/loading.lua:113]: ++++As library of:	file:///home/alex/.local/share/nvim/lazy/catppuccin/lua
[08:19:11.808][info] [#0:script/workspace/loading.lua:101]: Preload file at: file:///home/alex/.local/share/nvim/lazy/catppuccin/lua/barbecue/theme/catppuccin.lua , size = 0.044 KB
[08:19:11.808][info] [#0:script/workspace/loading.lua:113]: ++++As library of:	file:///home/alex/.local/share/nvim/lazy/catppuccin/lua
[08:19:11.808][info] [#0:script/workspace/loading.lua:101]: Preload file at: file:///home/alex/.local/share/nvim/lazy/catppuccin/lua/barbecue/theme/catppuccin-mocha.lua , size = 0.050 KB
[08:19:11.808][info] [#0:script/workspace/loading.lua:113]: ++++As library of:	file:///home/alex/.local/share/nvim/lazy/catppuccin/lua
[08:19:11.808][info] [#0:script/workspace/loading.lua:101]: Preload file at: file:///home/alex/.local/share/nvim/lazy/catppuccin/lua/barbecue/theme/catppuccin-latte.lua , size = 0.050 KB
[08:19:11.808][info] [#0:script/workspace/loading.lua:113]: ++++As library of:	file:///home/alex/.local/share/nvim/lazy/catppuccin/lua
[08:19:11.808][info] [#0:script/workspace/loading.lua:101]: Preload file at: file:///home/alex/.local/share/nvim/lazy/catppuccin/lua/barbecue/theme/catppuccin-macchiato.lua , size = 0.054 KB
[08:19:11.809][info] [#0:script/workspace/loading.lua:113]: ++++As library of:	file:///home/alex/.local/share/nvim/lazy/catppuccin/lua
[08:19:11.809][info] [#0:script/workspace/loading.lua:89]: Skip loaded file: file:///home/alex/.local/share/nvim/mason/packages/lua-language-server/libexec/meta/LuaJIT%20en-us%20utf8/debug.lua
[08:19:11.809][info] [#0:script/workspace/loading.lua:113]: ++++As library of:	file:///home/alex/.local/share/nvim/mason/packages/lua-language-server/libexec/meta/LuaJIT%20en-us%20utf8/debug.lua
[08:19:11.809][info] [#0:script/workspace/loading.lua:101]: Preload file at: file:///home/alex/.local/share/nvim/lazy/catppuccin/lua/barbecue/theme/catppuccin-frappe.lua , size = 0.051 KB
[08:19:11.809][info] [#0:script/workspace/loading.lua:113]: ++++As library of:	file:///home/alex/.local/share/nvim/lazy/catppuccin/lua
[08:19:11.809][info] [#0:script/workspace/loading.lua:89]: Skip loaded file: file:///home/alex/.local/share/nvim/mason/packages/lua-language-server/libexec/meta/LuaJIT%20en-us%20utf8/bit.lua
[08:19:11.809][info] [#0:script/workspace/loading.lua:113]: ++++As library of:	file:///home/alex/.local/share/nvim/mason/packages/lua-language-server/libexec/meta/LuaJIT%20en-us%20utf8/bit.lua
[08:19:11.809][info] [#0:script/workspace/loading.lua:89]: Skip loaded file: file:///home/alex/.local/share/nvim/mason/packages/lua-language-server/libexec/meta/LuaJIT%20en-us%20utf8/table.lua
[08:19:11.809][info] [#0:script/workspace/loading.lua:113]: ++++As library of:	file:///home/alex/.local/share/nvim/mason/packages/lua-language-server/libexec/meta/LuaJIT%20en-us%20utf8/table.lua
[08:19:11.809][info] [#0:script/workspace/loading.lua:89]: Skip loaded file: file:///home/alex/.local/share/nvim/mason/packages/lua-language-server/libexec/meta/LuaJIT%20en-us%20utf8/package.lua
[08:19:11.809][info] [#0:script/workspace/loading.lua:113]: ++++As library of:	file:///home/alex/.local/share/nvim/mason/packages/lua-language-server/libexec/meta/LuaJIT%20en-us%20utf8/package.lua
[08:19:11.809][info] [#0:script/workspace/loading.lua:89]: Skip loaded file: file:///home/alex/.local/share/nvim/mason/packages/lua-language-server/libexec/meta/LuaJIT%20en-us%20utf8/string/buffer.lua
[08:19:11.809][info] [#0:script/workspace/loading.lua:113]: ++++As library of:	file:///home/alex/.local/share/nvim/mason/packages/lua-language-server/libexec/meta/LuaJIT%20en-us%20utf8/string/buffer.lua
[08:19:11.809][info] [#0:script/workspace/loading.lua:89]: Skip loaded file: file:///home/alex/.local/share/nvim/mason/packages/lua-language-server/libexec/meta/LuaJIT%20en-us%20utf8/math.lua
[08:19:11.809][info] [#0:script/workspace/loading.lua:113]: ++++As library of:	file:///home/alex/.local/share/nvim/mason/packages/lua-language-server/libexec/meta/LuaJIT%20en-us%20utf8/math.lua
[08:19:11.809][info] [#0:script/workspace/loading.lua:89]: Skip loaded file: file:///home/alex/.local/share/nvim/mason/packages/lua-language-server/libexec/meta/LuaJIT%20en-us%20utf8/jit/profile.lua
[08:19:11.809][info] [#0:script/workspace/loading.lua:113]: ++++As library of:	file:///home/alex/.local/share/nvim/mason/packages/lua-language-server/libexec/meta/LuaJIT%20en-us%20utf8/jit/profile.lua
[08:19:11.809][info] [#0:script/workspace/loading.lua:89]: Skip loaded file: file:///home/alex/.local/share/nvim/mason/packages/lua-language-server/libexec/meta/LuaJIT%20en-us%20utf8/io.lua
[08:19:11.809][info] [#0:script/workspace/loading.lua:113]: ++++As library of:	file:///home/alex/.local/share/nvim/mason/packages/lua-language-server/libexec/meta/LuaJIT%20en-us%20utf8/io.lua
[08:19:11.809][info] [#0:script/workspace/loading.lua:89]: Skip loaded file: file:///home/alex/.local/share/nvim/mason/packages/lua-language-server/libexec/meta/LuaJIT%20en-us%20utf8/string.lua
[08:19:11.809][info] [#0:script/workspace/loading.lua:113]: ++++As library of:	file:///home/alex/.local/share/nvim/mason/packages/lua-language-server/libexec/meta/LuaJIT%20en-us%20utf8/string.lua
[08:19:11.809][info] [#0:script/workspace/loading.lua:89]: Skip loaded file: file:///home/alex/.local/share/nvim/mason/packages/lua-language-server/libexec/meta/LuaJIT%20en-us%20utf8/table/new.lua
[08:19:11.809][info] [#0:script/workspace/loading.lua:113]: ++++As library of:	file:///home/alex/.local/share/nvim/mason/packages/lua-language-server/libexec/meta/LuaJIT%20en-us%20utf8/table/new.lua
[08:19:11.809][info] [#0:script/workspace/loading.lua:89]: Skip loaded file: file:///home/alex/.local/share/nvim/mason/packages/lua-language-server/libexec/meta/LuaJIT%20en-us%20utf8/os.lua
[08:19:11.809][info] [#0:script/workspace/loading.lua:113]: ++++As library of:	file:///home/alex/.local/share/nvim/mason/packages/lua-language-server/libexec/meta/LuaJIT%20en-us%20utf8/os.lua
[08:19:11.809][info] [#0:script/workspace/loading.lua:89]: Skip loaded file: file:///home/alex/.local/share/nvim/mason/packages/lua-language-server/libexec/meta/LuaJIT%20en-us%20utf8/coroutine.lua
[08:19:11.809][info] [#0:script/workspace/loading.lua:113]: ++++As library of:	file:///home/alex/.local/share/nvim/mason/packages/lua-language-server/libexec/meta/LuaJIT%20en-us%20utf8/coroutine.lua
[08:19:11.809][info] [#0:script/workspace/loading.lua:89]: Skip loaded file: file:///home/alex/.local/share/nvim/mason/packages/lua-language-server/libexec/meta/LuaJIT%20en-us%20utf8/table/clear.lua
[08:19:11.809][info] [#0:script/workspace/loading.lua:113]: ++++As library of:	file:///home/alex/.local/share/nvim/mason/packages/lua-language-server/libexec/meta/LuaJIT%20en-us%20utf8/table/clear.lua
[08:19:11.809][info] [#0:script/workspace/loading.lua:89]: Skip loaded file: file:///home/alex/.local/share/nvim/mason/packages/lua-language-server/libexec/meta/LuaJIT%20en-us%20utf8/builtin.lua
[08:19:11.809][info] [#0:script/workspace/loading.lua:113]: ++++As library of:	file:///home/alex/.local/share/nvim/mason/packages/lua-language-server/libexec/meta/LuaJIT%20en-us%20utf8/builtin.lua
[08:19:11.809][info] [#0:script/workspace/loading.lua:89]: Skip loaded file: file:///home/alex/.local/share/nvim/mason/packages/lua-language-server/libexec/meta/LuaJIT%20en-us%20utf8/ffi.lua
[08:19:11.809][info] [#0:script/workspace/loading.lua:113]: ++++As library of:	file:///home/alex/.local/share/nvim/mason/packages/lua-language-server/libexec/meta/LuaJIT%20en-us%20utf8/ffi.lua
[08:19:11.809][info] [#0:script/workspace/loading.lua:89]: Skip loaded file: file:///home/alex/.local/share/nvim/mason/packages/lua-language-server/libexec/meta/LuaJIT%20en-us%20utf8/jit.lua
[08:19:11.809][info] [#0:script/workspace/loading.lua:113]: ++++As library of:	file:///home/alex/.local/share/nvim/mason/packages/lua-language-server/libexec/meta/LuaJIT%20en-us%20utf8/jit.lua
[08:19:11.809][info] [#0:script/workspace/loading.lua:101]: Preload file at: file:///home/alex/.local/share/nvim/lazy/neodev.nvim/types/stable/vim.lua , size = 1.169 KB
[08:19:11.810][info] [#0:script/workspace/loading.lua:113]: ++++As library of:	file:///home/alex/.local/share/nvim/lazy/neodev.nvim/types/stable
[08:19:11.810][info] [#0:script/workspace/loading.lua:101]: Preload file at: file:///home/alex/.local/share/nvim/lazy/neodev.nvim/types/stable/lpeg.lua , size = 20.395 KB
[08:19:11.817][info] [#0:script/workspace/loading.lua:113]: ++++As library of:	file:///home/alex/.local/share/nvim/lazy/neodev.nvim/types/stable
[08:19:11.817][info] [#0:script/workspace/loading.lua:101]: Preload file at: file:///home/alex/.local/share/nvim/lazy/neodev.nvim/types/stable/api.lua , size = 111.802 KB
[08:19:11.859][info] [#0:script/workspace/loading.lua:113]: ++++As library of:	file:///home/alex/.local/share/nvim/lazy/neodev.nvim/types/stable
[08:19:11.859][info] [#0:script/workspace/loading.lua:101]: Preload file at: file:///home/alex/.local/share/nvim/lazy/neodev.nvim/types/stable/options.2.lua , size = 200.271 KB
[08:19:11.934][info] [#0:script/workspace/loading.lua:113]: ++++As library of:	file:///home/alex/.local/share/nvim/lazy/neodev.nvim/types/stable
[08:19:11.934][info] [#0:script/workspace/loading.lua:101]: Preload file at: file:///home/alex/.local/share/nvim/lazy/neodev.nvim/types/stable/uv.lua , size = 138.289 KB
[08:19:11.988][info] [#0:script/workspace/loading.lua:113]: ++++As library of:	file:///home/alex/.local/share/nvim/lazy/neodev.nvim/types/stable
[08:19:11.988][info] [#0:script/workspace/loading.lua:101]: Preload file at: file:///home/alex/.local/share/nvim/lazy/neodev.nvim/types/stable/options.3.lua , size = 108.481 KB
[08:19:12.019][info] [#0:script/workspace/loading.lua:113]: ++++As library of:	file:///home/alex/.local/share/nvim/lazy/neodev.nvim/types/stable
[08:19:12.019][info] [#0:script/workspace/loading.lua:101]: Preload file at: file:///home/alex/.local/share/nvim/lazy/neodev.nvim/types/stable/lua.lua , size = 11.346 KB
[08:19:12.052][info] [#0:script/workspace/loading.lua:113]: ++++As library of:	file:///home/alex/.local/share/nvim/lazy/neodev.nvim/types/stable
[08:19:12.052][info] [#0:script/workspace/loading.lua:101]: Preload file at: file:///home/alex/.local/share/nvim/lazy/neodev.nvim/types/stable/options.lua , size = 200.110 KB
[08:19:12.090][info] [#0:script/workspace/loading.lua:113]: ++++As library of:	file:///home/alex/.local/share/nvim/lazy/neodev.nvim/types/stable
[08:19:12.090][info] [#0:script/workspace/loading.lua:101]: Preload file at: file:///home/alex/.local/share/nvim/lazy/neodev.nvim/types/stable/vim.fn.1.lua , size = 163.758 KB
[08:19:12.128][info] [#0:script/workspace/loading.lua:113]: ++++As library of:	file:///home/alex/.local/share/nvim/lazy/neodev.nvim/types/stable
[08:19:12.128][info] [#0:script/workspace/loading.lua:101]: Preload file at: file:///home/alex/.local/share/nvim/lazy/neodev.nvim/types/stable/alias.lua , size = 0.217 KB
[08:19:12.129][info] [#0:script/workspace/loading.lua:113]: ++++As library of:	file:///home/alex/.local/share/nvim/lazy/neodev.nvim/types/stable
[08:19:12.129][info] [#0:script/workspace/loading.lua:101]: Preload file at: file:///home/alex/.local/share/nvim/lazy/neodev.nvim/types/stable/cmd.lua , size = 66.986 KB
[08:19:12.162][info] [#0:script/workspace/loading.lua:113]: ++++As library of:	file:///home/alex/.local/share/nvim/lazy/neodev.nvim/types/stable
[08:19:12.162][info] [#0:script/workspace/loading.lua:101]: Preload file at: file:///home/alex/.local/share/nvim/lazy/neodev.nvim/types/stable/options.1.lua , size = 202.371 KB
[08:19:12.251][info] [#0:script/workspace/loading.lua:113]: ++++As library of:	file:///home/alex/.local/share/nvim/lazy/neodev.nvim/types/stable
[08:19:12.251][info] [#0:script/workspace/loading.lua:101]: Preload file at: file:///usr/local/share/nvim/runtime/lua/vim/diagnostic.lua , size = 56.640 KB
[08:19:12.271][info] [#0:script/workspace/loading.lua:113]: ++++As library of:	file:///usr/local/share/nvim/runtime/lua
[08:19:12.271][info] [#0:script/workspace/loading.lua:101]: Preload file at: file:///usr/local/share/nvim/runtime/lua/vim/F.lua , size = 0.824 KB
[08:19:12.272][info] [#0:script/workspace/loading.lua:113]: ++++As library of:	file:///usr/local/share/nvim/runtime/lua
[08:19:12.272][info] [#0:script/workspace/loading.lua:101]: Preload file at: file:///usr/local/share/nvim/runtime/lua/vim/secure.lua , size = 4.830 KB
[08:19:12.274][info] [#0:script/workspace/loading.lua:113]: ++++As library of:	file:///usr/local/share/nvim/runtime/lua
[08:19:12.274][info] [#0:script/workspace/loading.lua:101]: Preload file at: file:///usr/local/share/nvim/runtime/lua/vim/_inspector.lua , size = 7.915 KB
[08:19:12.277][info] [#0:script/workspace/loading.lua:113]: ++++As library of:	file:///usr/local/share/nvim/runtime/lua
[08:19:12.277][info] [#0:script/workspace/loading.lua:101]: Preload file at: file:///usr/local/share/nvim/runtime/lua/vim/inspect.lua , size = 8.864 KB
[08:19:12.282][info] [#0:script/workspace/loading.lua:113]: ++++As library of:	file:///usr/local/share/nvim/runtime/lua
[08:19:12.282][info] [#0:script/workspace/loading.lua:101]: Preload file at: file:///usr/local/share/nvim/runtime/lua/vim/_init_packages.lua , size = 2.773 KB
[08:19:12.284][info] [#0:script/workspace/loading.lua:113]: ++++As library of:	file:///usr/local/share/nvim/runtime/lua
[08:19:12.284][info] [#0:script/workspace/loading.lua:101]: Preload file at: file:///usr/local/share/nvim/runtime/lua/vim/treesitter.lua , size = 15.225 KB
[08:19:12.290][info] [#0:script/workspace/loading.lua:113]: ++++As library of:	file:///usr/local/share/nvim/runtime/lua
[08:19:12.290][info] [#0:script/workspace/loading.lua:101]: Preload file at: file:///usr/local/share/nvim/runtime/lua/vim/treesitter/_range.lua , size = 3.646 KB
[08:19:12.292][info] [#0:script/workspace/loading.lua:113]: ++++As library of:	file:///usr/local/share/nvim/runtime/lua
[08:19:12.292][info] [#0:script/workspace/loading.lua:101]: Preload file at: file:///usr/local/share/nvim/runtime/lua/vim/treesitter/languagetree.lua , size = 27.167 KB
[08:19:12.306][info] [#0:script/workspace/loading.lua:113]: ++++As library of:	file:///usr/local/share/nvim/runtime/lua
[08:19:12.306][info] [#0:script/workspace/loading.lua:101]: Preload file at: file:///usr/local/share/nvim/runtime/lua/vim/treesitter/language.lua , size = 3.528 KB
[08:19:12.308][info] [#0:script/workspace/loading.lua:113]: ++++As library of:	file:///usr/local/share/nvim/runtime/lua
[08:19:12.308][info] [#0:script/workspace/loading.lua:101]: Preload file at: file:///usr/local/share/nvim/runtime/lua/vim/treesitter/highlighter.lua , size = 8.781 KB
[08:19:12.313][info] [#0:script/workspace/loading.lua:113]: ++++As library of:	file:///usr/local/share/nvim/runtime/lua
[08:19:12.313][info] [#0:script/workspace/loading.lua:101]: Preload file at: file:///usr/local/share/nvim/runtime/lua/vim/treesitter/_fold.lua , size = 8.207 KB
[08:19:12.318][info] [#0:script/workspace/loading.lua:113]: ++++As library of:	file:///usr/local/share/nvim/runtime/lua
[08:19:12.318][info] [#0:script/workspace/loading.lua:101]: Preload file at: file:///home/alex/.local/share/nvim/lazy/neodev.nvim/types/stable/vim.fn.lua , size = 202.122 KB
[08:19:12.369][info] [#0:script/workspace/loading.lua:113]: ++++As library of:	file:///home/alex/.local/share/nvim/lazy/neodev.nvim/types/stable
[08:19:12.369][info] [#0:script/workspace/loading.lua:101]: Preload file at: file:///usr/local/share/nvim/runtime/lua/vim/treesitter/playground.lua , size = 12.551 KB
[08:19:12.377][info] [#0:script/workspace/loading.lua:113]: ++++As library of:	file:///usr/local/share/nvim/runtime/lua
[08:19:12.377][info] [#0:script/workspace/loading.lua:101]: Preload file at: file:///usr/local/share/nvim/runtime/lua/vim/treesitter/_meta.lua , size = 2.839 KB
[08:19:12.379][info] [#0:script/workspace/loading.lua:113]: ++++As library of:	file:///usr/local/share/nvim/runtime/lua
[08:19:12.379][info] [#0:script/workspace/loading.lua:101]: Preload file at: file:///usr/local/share/nvim/runtime/lua/vim/treesitter/health.lua , size = 0.888 KB
[08:19:12.380][info] [#0:script/workspace/loading.lua:113]: ++++As library of:	file:///usr/local/share/nvim/runtime/lua
[08:19:12.380][info] [#0:script/workspace/loading.lua:101]: Preload file at: file:///usr/local/share/nvim/runtime/lua/vim/treesitter/query.lua , size = 21.253 KB
[08:19:12.390][info] [#0:script/workspace/loading.lua:113]: ++++As library of:	file:///usr/local/share/nvim/runtime/lua
[08:19:12.390][info] [#0:script/workspace/loading.lua:101]: Preload file at: file:///usr/local/share/nvim/runtime/lua/vim/_watch.lua , size = 5.387 KB
[08:19:12.393][info] [#0:script/workspace/loading.lua:113]: ++++As library of:	file:///usr/local/share/nvim/runtime/lua
[08:19:12.393][info] [#0:script/workspace/loading.lua:101]: Preload file at: file:///usr/local/share/nvim/runtime/lua/vim/uri.lua , size = 3.376 KB
[08:19:12.395][info] [#0:script/workspace/loading.lua:113]: ++++As library of:	file:///usr/local/share/nvim/runtime/lua
[08:19:12.395][info] [#0:script/workspace/loading.lua:101]: Preload file at: file:///usr/local/share/nvim/runtime/lua/vim/keymap.lua , size = 3.573 KB
[08:19:12.397][info] [#0:script/workspace/loading.lua:113]: ++++As library of:	file:///usr/local/share/nvim/runtime/lua
[08:19:12.397][info] [#0:script/workspace/loading.lua:101]: Preload file at: file:///usr/local/share/nvim/runtime/lua/vim/shared.lua , size = 22.292 KB
[08:19:12.408][info] [#0:script/workspace/loading.lua:113]: ++++As library of:	file:///usr/local/share/nvim/runtime/lua
[08:19:12.408][info] [#0:script/workspace/loading.lua:101]: Preload file at: file:///usr/local/share/nvim/runtime/lua/vim/lsp.lua , size = 82.409 KB
[08:19:12.438][info] [#0:script/workspace/loading.lua:113]: ++++As library of:	file:///usr/local/share/nvim/runtime/lua
[08:19:12.438][info] [#0:script/workspace/loading.lua:101]: Preload file at: file:///usr/local/share/nvim/runtime/lua/vim/lsp/types.lua , size = 0.924 KB
[08:19:12.439][info] [#0:script/workspace/loading.lua:113]: ++++As library of:	file:///usr/local/share/nvim/runtime/lua
[08:19:12.439][info] [#0:script/workspace/loading.lua:101]: Preload file at: file:///usr/local/share/nvim/runtime/lua/vim/_editor.lua , size = 29.339 KB
[08:19:12.517][info] [#0:script/workspace/loading.lua:113]: ++++As library of:	file:///usr/local/share/nvim/runtime/lua
[08:19:12.517][info] [#0:script/workspace/loading.lua:101]: Preload file at: file:///usr/local/share/nvim/runtime/lua/vim/lsp/diagnostic.lua , size = 8.867 KB
[08:19:12.522][info] [#0:script/workspace/loading.lua:113]: ++++As library of:	file:///usr/local/share/nvim/runtime/lua
[08:19:12.522][info] [#0:script/workspace/loading.lua:101]: Preload file at: file:///usr/local/share/nvim/runtime/lua/vim/lsp/log.lua , size = 5.151 KB
[08:19:12.524][info] [#0:script/workspace/loading.lua:113]: ++++As library of:	file:///usr/local/share/nvim/runtime/lua
[08:19:12.524][info] [#0:script/workspace/loading.lua:101]: Preload file at: file:///usr/local/share/nvim/runtime/lua/vim/lsp/handlers.lua , size = 23.587 KB
[08:19:12.534][info] [#0:script/workspace/loading.lua:113]: ++++As library of:	file:///usr/local/share/nvim/runtime/lua
[08:19:12.534][info] [#0:script/workspace/loading.lua:101]: Preload file at: file:///usr/local/share/nvim/runtime/lua/vim/lsp/_watchfiles.lua , size = 9.620 KB
[08:19:12.538][info] [#0:script/workspace/loading.lua:113]: ++++As library of:	file:///usr/local/share/nvim/runtime/lua
[08:19:12.538][info] [#0:script/workspace/loading.lua:101]: Preload file at: file:///usr/local/share/nvim/runtime/lua/vim/lsp/sync.lua , size = 15.681 KB
[08:19:12.542][info] [#0:script/workspace/loading.lua:113]: ++++As library of:	file:///usr/local/share/nvim/runtime/lua
[08:19:12.542][info] [#0:script/workspace/loading.lua:101]: Preload file at: file:///usr/local/share/nvim/runtime/lua/vim/lsp/protocol.lua , size = 28.367 KB
[08:19:12.549][info] [#0:script/workspace/loading.lua:113]: ++++As library of:	file:///usr/local/share/nvim/runtime/lua
[08:19:12.549][info] [#0:script/workspace/loading.lua:101]: Preload file at: file:///usr/local/share/nvim/runtime/lua/vim/lsp/_snippet.lua , size = 10.744 KB
[08:19:12.555][info] [#0:script/workspace/loading.lua:113]: ++++As library of:	file:///usr/local/share/nvim/runtime/lua
[08:19:12.555][info] [#0:script/workspace/loading.lua:101]: Preload file at: file:///usr/local/share/nvim/runtime/lua/vim/lsp/buf.lua , size = 27.860 KB
[08:19:12.564][info] [#0:script/workspace/loading.lua:113]: ++++As library of:	file:///usr/local/share/nvim/runtime/lua
[08:19:12.564][info] [#0:script/workspace/loading.lua:101]: Preload file at: file:///usr/local/share/nvim/runtime/lua/vim/lsp/tagfunc.lua , size = 2.339 KB
[08:19:12.565][info] [#0:script/workspace/loading.lua:113]: ++++As library of:	file:///usr/local/share/nvim/runtime/lua
[08:19:12.565][info] [#0:script/workspace/loading.lua:101]: Preload file at: file:///usr/local/share/nvim/runtime/lua/vim/lsp/util.lua , size = 70.764 KB
[08:19:12.590][info] [#0:script/workspace/loading.lua:113]: ++++As library of:	file:///usr/local/share/nvim/runtime/lua
[08:19:12.591][info] [#0:script/workspace/loading.lua:101]: Preload file at: file:///usr/local/share/nvim/runtime/lua/vim/lsp/codelens.lua , size = 8.261 KB
[08:19:12.595][info] [#0:script/workspace/loading.lua:113]: ++++As library of:	file:///usr/local/share/nvim/runtime/lua
[08:19:12.595][info] [#0:script/workspace/loading.lua:101]: Preload file at: file:///usr/local/share/nvim/runtime/lua/vim/lsp/semantic_tokens.lua , size = 25.936 KB
[08:19:12.603][info] [#0:script/workspace/loading.lua:113]: ++++As library of:	file:///usr/local/share/nvim/runtime/lua
[08:19:12.603][info] [#0:script/workspace/loading.lua:101]: Preload file at: file:///usr/local/share/nvim/runtime/lua/vim/lsp/rpc.lua , size = 23.695 KB
[08:19:12.612][info] [#0:script/workspace/loading.lua:113]: ++++As library of:	file:///usr/local/share/nvim/runtime/lua
[08:19:12.612][info] [#0:script/workspace/loading.lua:101]: Preload file at: file:///usr/local/share/nvim/runtime/lua/vim/lsp/health.lua , size = 1.240 KB
[08:19:12.613][info] [#0:script/workspace/loading.lua:113]: ++++As library of:	file:///usr/local/share/nvim/runtime/lua
[08:19:12.613][info] [#0:script/workspace/loading.lua:101]: Preload file at: file:///usr/local/share/nvim/runtime/lua/vim/highlight.lua , size = 3.749 KB
[08:19:12.615][info] [#0:script/workspace/loading.lua:113]: ++++As library of:	file:///usr/local/share/nvim/runtime/lua
[08:19:12.615][info] [#0:script/workspace/loading.lua:101]: Preload file at: file:///usr/local/share/nvim/runtime/lua/vim/_meta.lua , size = 12.077 KB
[08:19:12.620][info] [#0:script/workspace/loading.lua:113]: ++++As library of:	file:///usr/local/share/nvim/runtime/lua
[08:19:12.620][info] [#0:script/workspace/loading.lua:101]: Preload file at: file:///usr/local/share/nvim/runtime/lua/vim/loader.lua , size = 16.182 KB
[08:19:12.627][info] [#0:script/workspace/loading.lua:113]: ++++As library of:	file:///usr/local/share/nvim/runtime/lua
[08:19:12.628][info] [#0:script/workspace/loading.lua:101]: Preload file at: file:///usr/local/share/nvim/runtime/lua/vim/ui.lua , size = 3.672 KB
[08:19:12.629][info] [#0:script/workspace/loading.lua:113]: ++++As library of:	file:///usr/local/share/nvim/runtime/lua
[08:19:12.629][info] [#0:script/workspace/loading.lua:101]: Preload file at: file:///usr/local/share/nvim/runtime/lua/vim/filetype.lua , size = 74.400 KB
[08:19:12.659][info] [#0:script/workspace/loading.lua:113]: ++++As library of:	file:///usr/local/share/nvim/runtime/lua
[08:19:12.659][info] [#0:script/workspace/loading.lua:101]: Preload file at: file:///usr/local/share/nvim/runtime/lua/vim/filetype/options.lua , size = 2.561 KB
[08:19:12.660][info] [#0:script/workspace/loading.lua:113]: ++++As library of:	file:///usr/local/share/nvim/runtime/lua
[08:19:12.660][info] [#0:script/workspace/loading.lua:101]: Preload file at: file:///usr/local/share/nvim/runtime/lua/vim/version.lua , size = 12.146 KB
[08:19:12.666][info] [#0:script/workspace/loading.lua:113]: ++++As library of:	file:///usr/local/share/nvim/runtime/lua
[08:19:12.666][info] [#0:script/workspace/loading.lua:101]: Preload file at: file:///usr/local/share/nvim/runtime/lua/vim/filetype/detect.lua , size = 47.659 KB
[08:19:12.689][info] [#0:script/workspace/loading.lua:113]: ++++As library of:	file:///usr/local/share/nvim/runtime/lua
[08:19:12.693][info] [#0:script/workspace/loading.lua:101]: Preload file at: file:///usr/local/share/nvim/runtime/lua/vim/fs.lua , size = 10.662 KB
[08:19:12.698][info] [#0:script/workspace/loading.lua:113]: ++++As library of:	file:///usr/local/share/nvim/runtime/lua
[08:19:12.699][info] [#0:script/workspace/loading.lua:101]: Preload file at: file:///usr/local/share/nvim/runtime/lua/vim/health.lua , size = 1.782 KB
[08:19:12.700][info] [#0:script/workspace/loading.lua:113]: ++++As library of:	file:///usr/local/share/nvim/runtime/lua
[08:19:12.700][info] [#0:script/workspace/loading.lua:101]: Preload file at: file:///usr/local/share/nvim/runtime/lua/editorconfig.lua , size = 6.716 KB
[08:19:12.704][info] [#0:script/workspace/loading.lua:113]: ++++As library of:	file:///usr/local/share/nvim/runtime/lua
[08:19:12.704][info] [#0:script/workspace/loading.lua:101]: Preload file at: file:///usr/local/share/nvim/runtime/lua/man.lua , size = 25.082 KB
[08:19:12.716][info] [#0:script/workspace/loading.lua:113]: ++++As library of:	file:///usr/local/share/nvim/runtime/lua
[08:19:12.716][info] [#0:script/workspace/loading.lua:101]: Preload file at: file:///usr/local/share/nvim/runtime/lua/nvim/health.lua , size = 12.706 KB
[08:19:12.723][info] [#0:script/workspace/loading.lua:113]: ++++As library of:	file:///usr/local/share/nvim/runtime/lua
[08:19:12.723][info] [#0:script/workspace/loading.lua:101]: Preload file at: file:///usr/local/share/nvim/runtime/lua/_vim9script.lua , size = 15.439 KB
[08:19:12.730][info] [#0:script/workspace/loading.lua:113]: ++++As library of:	file:///usr/local/share/nvim/runtime/lua
[08:19:12.730][info] [#0:script/workspace/loading.lua:101]: Preload file at: file:///usr/local/share/nvim/runtime/lua/jit/dis_ppc.lua , size = 19.825 KB
[08:19:12.740][info] [#0:script/workspace/loading.lua:113]: ++++As library of:	file:///usr/local/share/nvim/runtime/lua
[08:19:12.740][info] [#0:script/workspace/loading.lua:101]: Preload file at: file:///usr/local/share/nvim/runtime/lua/jit/dis_arm64.lua , size = 30.163 KB
[08:19:12.756][info] [#0:script/workspace/loading.lua:113]: ++++As library of:	file:///usr/local/share/nvim/runtime/lua
[08:19:12.756][info] [#0:script/workspace/loading.lua:101]: Preload file at: file:///usr/local/share/nvim/runtime/lua/jit/dis_mips64el.lua , size = 0.700 KB
[08:19:12.757][info] [#0:script/workspace/loading.lua:113]: ++++As library of:	file:///usr/local/share/nvim/runtime/lua
[08:19:12.757][info] [#0:script/workspace/loading.lua:101]: Preload file at: file:///usr/local/share/nvim/runtime/lua/jit/v.lua , size = 5.647 KB
[08:19:12.759][info] [#0:script/workspace/loading.lua:113]: ++++As library of:	file:///usr/local/share/nvim/runtime/lua
[08:19:12.759][info] [#0:script/workspace/loading.lua:101]: Preload file at: file:///usr/local/share/nvim/runtime/lua/jit/bc.lua , size = 5.488 KB
[08:19:12.762][info] [#0:script/workspace/loading.lua:113]: ++++As library of:	file:///usr/local/share/nvim/runtime/lua
[08:19:12.762][info] [#0:script/workspace/loading.lua:101]: Preload file at: file:///usr/local/share/nvim/runtime/lua/jit/dis_mips.lua , size = 21.494 KB
[08:19:12.773][info] [#0:script/workspace/loading.lua:113]: ++++As library of:	file:///usr/local/share/nvim/runtime/lua
[08:19:12.773][info] [#0:script/workspace/loading.lua:101]: Preload file at: file:///usr/local/share/nvim/runtime/lua/jit/dis_mips64.lua , size = 0.689 KB
[08:19:12.773][info] [#0:script/workspace/loading.lua:113]: ++++As library of:	file:///usr/local/share/nvim/runtime/lua
[08:19:12.773][info] [#0:script/workspace/loading.lua:101]: Preload file at: file:///usr/local/share/nvim/runtime/lua/jit/zone.lua , size = 0.979 KB
[08:19:12.774][info] [#0:script/workspace/loading.lua:113]: ++++As library of:	file:///usr/local/share/nvim/runtime/lua
[08:19:12.774][info] [#0:script/workspace/loading.lua:101]: Preload file at: file:///usr/local/share/nvim/runtime/lua/jit/dis_arm.lua , size = 18.891 KB
[08:19:12.784][info] [#0:script/workspace/loading.lua:113]: ++++As library of:	file:///usr/local/share/nvim/runtime/lua
[08:19:12.784][info] [#0:script/workspace/loading.lua:101]: Preload file at: file:///usr/local/share/nvim/runtime/lua/jit/dis_arm64be.lua , size = 0.604 KB
[08:19:12.785][info] [#0:script/workspace/loading.lua:113]: ++++As library of:	file:///usr/local/share/nvim/runtime/lua
[08:19:12.786][info] [#0:script/workspace/loading.lua:101]: Preload file at: file:///usr/local/share/nvim/runtime/lua/jit/bcsave.lua , size = 19.096 KB
[08:19:12.796][info] [#0:script/workspace/loading.lua:113]: ++++As library of:	file:///usr/local/share/nvim/runtime/lua
[08:19:12.796][info] [#0:script/workspace/loading.lua:101]: Preload file at: file:///usr/local/share/nvim/runtime/lua/jit/p.lua , size = 8.962 KB
[08:19:12.801][info] [#0:script/workspace/loading.lua:113]: ++++As library of:	file:///usr/local/share/nvim/runtime/lua
[08:19:12.801][info] [#0:script/workspace/loading.lua:101]: Preload file at: file:///usr/local/share/nvim/runtime/lua/jit/dis_x86.lua , size = 33.033 KB
[08:19:12.818][info] [#0:script/workspace/loading.lua:113]: ++++As library of:	file:///usr/local/share/nvim/runtime/lua
[08:19:12.818][info] [#0:script/workspace/loading.lua:101]: Preload file at: file:///usr/local/share/nvim/runtime/lua/jit/dis_mipsel.lua , size = 0.698 KB
[08:19:12.819][info] [#0:script/workspace/loading.lua:113]: ++++As library of:	file:///usr/local/share/nvim/runtime/lua
[08:19:12.819][info] [#0:script/workspace/loading.lua:101]: Preload file at: file:///usr/local/share/nvim/runtime/lua/jit/vmdef.lua , size = 7.823 KB
[08:19:12.821][info] [#0:script/workspace/loading.lua:113]: ++++As library of:	file:///usr/local/share/nvim/runtime/lua
[08:19:12.821][info] [#0:script/workspace/loading.lua:101]: Preload file at: file:///usr/local/share/nvim/runtime/lua/jit/dis_x64.lua , size = 0.695 KB
[08:19:12.821][info] [#0:script/workspace/loading.lua:113]: ++++As library of:	file:///usr/local/share/nvim/runtime/lua
[08:19:12.821][info] [#0:script/workspace/loading.lua:101]: Preload file at: file:///home/alex/.local/share/nvim/lazy/catppuccin/tests/palette_spec.lua , size = 0.584 KB
[08:19:12.822][info] [#0:script/workspace/loading.lua:101]: Preload file at: file:///usr/local/share/nvim/runtime/lua/jit/dump.lua , size = 20.201 KB
[08:19:12.833][info] [#0:script/workspace/loading.lua:113]: ++++As library of:	file:///usr/local/share/nvim/runtime/lua
[08:19:12.833][info] [#0:script/workspace/loading.lua:101]: Preload file at: file:///home/alex/.local/share/nvim/lazy/catppuccin/tests/flavour_spec.lua , size = 3.023 KB
[08:19:12.935][info] [#0:script/workspace/loading.lua:101]: Preload file at: file:///home/alex/.local/share/nvim/lazy/catppuccin/tests/init.lua , size = 0.753 KB
[08:19:12.936][info] [#0:script/workspace/loading.lua:101]: Preload file at: file:///home/alex/.local/share/nvim/lazy/catppuccin/tests/hash_spec.lua , size = 0.885 KB
[08:19:13.041][info] [#0:script/workspace/loading.lua:173]: Loaded files takes [1.189] sec: file:///home/alex/.local/share/nvim/lazy/catppuccin
[08:19:13.041][info] [#0:script/workspace/loading.lua:182]: Compile files takes [0.000] sec: file:///home/alex/.local/share/nvim/lazy/catppuccin
[08:19:13.041][info] [#0:script/workspace/loading.lua:183]: Loaded finish:	file:///home/alex/.local/share/nvim/lazy/catppuccin
[08:19:13.041][info] [#0:script/workspace/workspace.lua:381]: Preload finish at:	file:///home/alex/.local/share/nvim/lazy/catppuccin
[08:19:13.057][warn] [#0:script/proto/proto.lua:190]: Method [textDocument/didOpen] takes [1.253]sec. {
  jsonrpc = "2.0",
  method = "textDocument/didOpen",
  params = {
    textDocument = {
      languageId = "lua",
      text = '"***"',
      uri = "file:///home/alex/.local/share/nvim/lazy/catppuccin/lua/catppuccin/groups/editor.lua",
      version = 0
    }
  }
}
[08:19:13.071][info] [#0:script/provider/diagnostic.lua:557]: Diagnostics scope [file:///home/alex/.local/share/nvim/lazy/catppuccin], files count:[201]
[08:19:13.200][warn] [#0:script/proto/proto.lua:190]: Method [textDocument/semanticTokens/full] takes [1.369]sec. {
  id = 4,
  jsonrpc = "2.0",
  method = "textDocument/semanticTokens/full",
  params = {
    textDocument = {
      uri = "file:///home/alex/.local/share/nvim/lazy/catppuccin/lua/catppuccin/groups/editor.lua"
    }
  }
}
[08:19:13.276][info] [#0:script/provider/diagnostic.lua:574]: Diagnostics scope [file:///home/alex/.local/share/nvim/lazy/catppuccin] finished, takes [0.207] sec.
[08:19:27.024][info] [#0:script/provider/provider.lua:169]: Server shutdown.
[08:19:27.024][warn] [#0:script/pub/report.lua:25]: Load proto error:	Disconnected!
